#
# A fatal error has been detected by the Java Runtime Environment:
#
#  SIGSEGV (0xb) at pc=0x00007f527e37c401, pid=21300, tid=21734
#
# JRE version: OpenJDK Runtime Environment (11.0.6+10) (build 11.0.6+10-post-Ubuntu-1ubuntu118.04.1)
# Java VM: OpenJDK 64-Bit Server VM (11.0.6+10-post-Ubuntu-1ubuntu118.04.1, mixed mode, sharing, tiered, compressed oops, g1 gc, linux-amd64)
# Problematic frame:
# C  [libjimage.so+0x2401]
#
# Core dump will be written. Default location: Core dumps may be processed with "/lib/systemd/systemd-coredump %P %u %g %s %t 9223372036854775808 %e" (or dumping to /home/tanky/Documents/Springboot Project/MrVans/core.21300)
#
# If you would like to submit a bug report, please visit:
#   https://bugs.launchpad.net/ubuntu/+source/openjdk-lts
#

---------------  S U M M A R Y ------------

Command Line: -agentlib:jdwp=transport=dt_socket,suspend=y,address=localhost:35755 -Dcom.sun.management.jmxremote -Dcom.sun.management.jmxremote.port=33953 -Dcom.sun.management.jmxremote.authenticate=false -Dcom.sun.management.jmxremote.ssl=false -Djava.rmi.server.hostname=localhost -Dspring.jmx.enabled=true -Dspring.liveBeansView.mbeanDomain -Dspring.application.admin.enabled=true -Djava.security.egd=file:/dev/./urandom -Xverify:none -XX:TieredStopAtLevel=1 -Dspring.boot.project.name=MrVan -javaagent:/home/tanky/Desktop/eclipse/jee-2019-123/eclipse/configuration/org.eclipse.osgi/1402/0/.cp/lib/javaagent-shaded.jar -Dfile.encoding=UTF-8 com.tanky.MrVan.MrVanApplication

Host: Intel(R) Core(TM) i5-8250U CPU @ 1.60GHz, 8 cores, 3G, Linux Mint 19.3 Tricia
Time: Mon Oct 12 10:16:10 2020 +07 elapsed time: 54 seconds (0d 0h 0m 54s)

---------------  T H R E A D  ---------------

Current thread (0x00007f5214001800):  JavaThread "RMI TCP Connection(1)-127.0.0.1" daemon [_thread_in_vm, id=21734, stack(0x00007f523b7f4000,0x00007f523b8f5000)]

Stack: [0x00007f523b7f4000,0x00007f523b8f5000],  sp=0x00007f523b8efeb0,  free space=1007k
Native frames: (J=compiled Java code, A=aot compiled Java code, j=interpreted, Vv=VM code, C=native code)
C  [libjimage.so+0x2401]
C  [libjimage.so+0x30ea]
C  [libjimage.so+0x35c6]  JIMAGE_FindResource+0xd6
V  [libjvm.so+0x59098e]
V  [libjvm.so+0x5936f0]
V  [libjvm.so+0xd49c05]
V  [libjvm.so+0xd4759a]
V  [libjvm.so+0xd47bd5]
V  [libjvm.so+0x587b67]
V  [libjvm.so+0x58d44e]
V  [libjvm.so+0x58dae1]
V  [libjvm.so+0xa00f15]
V  [libjvm.so+0x593737]
V  [libjvm.so+0xd49c05]
V  [libjvm.so+0xd4759a]
V  [libjvm.so+0xd4a192]
V  [libjvm.so+0x644c4d]
V  [libjvm.so+0x839b0c]
j  sun.rmi.transport.tcp.TCPTransport$ConnectionHandler.run0()V+449 java.rmi@11.0.6
j  sun.rmi.transport.tcp.TCPTransport$ConnectionHandler.lambda$run$0()Ljava/lang/Void;+1 java.rmi@11.0.6
j  sun.rmi.transport.tcp.TCPTransport$ConnectionHandler$$Lambda$1065.run()Ljava/lang/Object;+4 java.rmi@11.0.6
v  ~StubRoutines::call_stub
V  [libjvm.so+0x8493b9]
V  [libjvm.so+0x8fe53f]  JVM_DoPrivileged+0x61f
j  java.security.AccessController.doPrivileged(Ljava/security/PrivilegedAction;Ljava/security/AccessControlContext;)Ljava/lang/Object;+0 java.base@11.0.6
j  sun.rmi.transport.tcp.TCPTransport$ConnectionHandler.run()V+37 java.rmi@11.0.6
j  java.util.concurrent.ThreadPoolExecutor.runWorker(Ljava/util/concurrent/ThreadPoolExecutor$Worker;)V+92 java.base@11.0.6
j  java.util.concurrent.ThreadPoolExecutor$Worker.run()V+5 java.base@11.0.6
j  java.lang.Thread.run()V+11 java.base@11.0.6
v  ~StubRoutines::call_stub
V  [libjvm.so+0x8493b9]
V  [libjvm.so+0x8474fd]
V  [libjvm.so+0x8f20dc]
V  [libjvm.so+0xd83203]
V  [libjvm.so+0xd834d5]
V  [libjvm.so+0xd7f20a]
V  [libjvm.so+0xbcf1fe]

Java frames: (J=compiled Java code, j=interpreted, Vv=VM code)
j  sun.rmi.transport.tcp.TCPTransport$ConnectionHandler.run0()V+449 java.rmi@11.0.6
j  sun.rmi.transport.tcp.TCPTransport$ConnectionHandler.lambda$run$0()Ljava/lang/Void;+1 java.rmi@11.0.6
j  sun.rmi.transport.tcp.TCPTransport$ConnectionHandler$$Lambda$1065.run()Ljava/lang/Object;+4 java.rmi@11.0.6
v  ~StubRoutines::call_stub
j  java.security.AccessController.doPrivileged(Ljava/security/PrivilegedAction;Ljava/security/AccessControlContext;)Ljava/lang/Object;+0 java.base@11.0.6
j  sun.rmi.transport.tcp.TCPTransport$ConnectionHandler.run()V+37 java.rmi@11.0.6
j  java.util.concurrent.ThreadPoolExecutor.runWorker(Ljava/util/concurrent/ThreadPoolExecutor$Worker;)V+92 java.base@11.0.6
j  java.util.concurrent.ThreadPoolExecutor$Worker.run()V+5 java.base@11.0.6
j  java.lang.Thread.run()V+11 java.base@11.0.6
v  ~StubRoutines::call_stub

siginfo: si_signo: 11 (SIGSEGV), si_code: 1 (SEGV_MAPERR), si_addr: 0x00007f526f913f9c

Register to memory mapping:

RAX=0x0000000000000fe0 is an unknown value
RBX=0x00007f523b8eff61 is pointing into the stack for thread: 0x00007f5214001800
RCX=0x00007f526f91001c is an unknown value
RDX=0x0000000000000fe0 is an unknown value
RSP=0x00007f523b8efeb0 is pointing into the stack for thread: 0x00007f5214001800
RBP=0x00007f523b8efed0 is pointing into the stack for thread: 0x00007f5214001800
RSI=0x00007f523b8eff60 is pointing into the stack for thread: 0x00007f5214001800
RDI=0x00007f527e57f130: <offset 0x0000000000205130> in /usr/lib/jvm/java-11-openjdk-amd64/lib/libjimage.so at 0x00007f527e37a000
R8 =0x0 is NULL
R9 =
[error occurred during error reporting (printing register info), id 0xb, SIGSEGV (0xb) at pc=0x00007f5280ab9e20]

Registers:
RAX=0x0000000000000fe0, RBX=0x00007f523b8eff61, RCX=0x00007f526f91001c, RDX=0x0000000000000fe0
RSP=0x00007f523b8efeb0, RBP=0x00007f523b8efed0, RSI=0x00007f523b8eff60, RDI=0x00007f527e57f130
R8 =0x0000000000000000, R9 =0x00000000f4376c93, R10=0x00007f523b8eff82, R11=0x00007f5281fa64c0
R12=0x00007f523b8eff60, R13=0x00000000000083a0, R14=0x00007f523b8f0ff8, R15=0x00007f52303a37c0
RIP=0x00007f527e37c401, EFLAGS=0x0000000000010246, CSGSFS=0x002b000000000033, ERR=0x0000000000000004
  TRAPNO=0x000000000000000e

Top of Stack: (sp=0x00007f523b8efeb0)
0x00007f523b8efeb0:   fffffffe00000000 00007f5278025e90
0x00007f523b8efec0:   0000000000000000 00007f523b8eff60
0x00007f523b8efed0:   00007f523b8eff40 00007f527e37d0ea
0x00007f523b8efee0:   00007f5258928500 0000000000000000 

Instructions: (pc=0x00007f527e37c401)
0x00007f527e37c301:   c5 4c 01 e3 48 89 ce e8 d3 f3 ff ff e9 69 fd ff
0x00007f527e37c311:   ff 89 d1 0f b7 74 08 fe 66 41 89 74 0e fe e9 7a
0x00007f527e37c321:   fe ff ff 0f 1f 40 00 8b 08 49 8d 1c 16 41 89 0e
0x00007f527e37c331:   89 d1 8b 74 08 fc 41 89 74 0e fc 48 8d 34 10 48
0x00007f527e37c341:   89 75 b8 e9 0b fe ff ff 0f 1f 80 00 00 00 00 0f
0x00007f527e37c351:   b6 17 55 89 f0 48 89 e5 84 d2 74 22 48 8d 4f 01
0x00007f527e37c361:   0f 1f 80 00 00 00 00 48 83 c1 01 0f b6 f2 0f b6
0x00007f527e37c371:   51 ff 69 c0 93 01 00 01 31 f0 84 d2 75 e9 25 ff
0x00007f527e37c381:   ff ff 7f 5d c3 66 2e 0f 1f 84 00 00 00 00 00 48
0x00007f527e37c391:   85 d2 0f 84 dd 00 00 00 85 c9 0f 84 d5 00 00 00
0x00007f527e37c3a1:   55 48 89 e5 41 55 41 54 53 48 8d 5e 01 48 83 ec
0x00007f527e37c3b1:   08 44 0f b6 06 45 84 c0 0f 84 a9 00 00 00 49 89
0x00007f527e37c3c1:   da b8 93 01 00 01 66 0f 1f 84 00 00 00 00 00 49
0x00007f527e37c3d1:   83 c2 01 44 69 c8 93 01 00 01 41 0f b6 c0 45 0f
0x00007f527e37c3e1:   b6 42 ff 44 31 c8 45 84 c0 75 e4 25 ff ff ff 7f
0x00007f527e37c3f1:   41 89 cd 48 89 d1 31 d2 41 f7 f5 49 89 f4 89 d0
0x00007f527e37c401:   8b 34 81 48 8b 07 ff 50 20 83 f8 00 7e 41 41 0f
0x00007f527e37c411:   b6 14 24 84 d2 74 1c 0f 1f 84 00 00 00 00 00 69
0x00007f527e37c421:   c0 93 01 00 01 48 83 c3 01 31 d0 0f b6 53 ff 84
0x00007f527e37c431:   d2 75 ec 25 ff ff ff 7f 31 d2 41 f7 f5 48 83 c4
0x00007f527e37c441:   08 89 d0 5b 41 5c 41 5d 5d c3 0f 1f 44 00 00 74
0x00007f527e37c451:   1d f7 d0 48 83 c4 08 89 c2 5b 89 d0 41 5c 41 5d
0x00007f527e37c461:   5d c3 0f 1f 44 00 00 b8 93 01 00 01 eb 82 ba ff
0x00007f527e37c471:   ff ff ff eb c8 83 ca ff 89 d0 c3 0f 1f 40 00 0f
0x00007f527e37c481:   b6 17 55 48 89 f8 48 89 e5 84 d2 75 15 eb 1a 38
0x00007f527e37c491:   ca 75 1c 48 83 c0 01 0f b6 10 48 83 c6 01 84 d2
0x00007f527e37c4a1:   74 07 0f b6 0e 84 c9 75 e6 5d c3 0f 1f 40 00 31
0x00007f527e37c4b1:   c0 5d c3 66 90 66 2e 0f 1f 84 00 00 00 00 00 55
0x00007f527e37c4c1:   48 85 f6 48 89 e5 74 57 0f 1f 80 00 00 00 00 0f
0x00007f527e37c4d1:   b6 06 84 c0 74 49 0f b6 d0 83 e0 07 c1 fa 03 44
0x00007f527e37c4e1:   8d 50 01 0f b6 c0 41 89 d1 48 8d 56 01 4c 8d 44
0x00007f527e37c4f1:   06 02 31 c0 0f 1f 00 0f b6 0a 48 c1 e0 08 48 83 


Stack slot to memory mapping:
stack at sp + 0 slots: 0xfffffffe00000000 is an unknown value
stack at sp + 1 slots: 0x00007f5278025e90 points into unknown readable memory: 50 9d 03 20 52 7f 00 00
stack at sp + 2 slots: 0x0 is NULL
stack at sp + 3 slots: 0x00007f523b8eff60 is pointing into the stack for thread: 0x00007f5214001800
stack at sp + 4 slots: 0x00007f523b8eff40 is pointing into the stack for thread: 0x00007f5214001800
stack at sp + 5 slots: 0x00007f527e37d0ea: <offset 0x00000000000030ea> in /usr/lib/jvm/java-11-openjdk-amd64/lib/libjimage.so at 0x00007f527e37a000
stack at sp + 6 slots: 0x00007f5258928500 is pointing into metadata
stack at sp + 7 slots: 0x0 is NULL


---------------  P R O C E S S  ---------------

Threads class SMR info:
_java_thread_list=0x00007f5214002910, length=34, elements={
0x00007f5278139000, 0x00007f527813b000, 0x00007f5278141800, 0x00007f5278143800,
0x00007f5278146000, 0x00007f5278183800, 0x00007f52781c7000, 0x00007f52781ca800,
0x00007f5278547000, 0x00007f5278601000, 0x00007f527860b000, 0x00007f527861e000,
0x00007f52794c3800, 0x00007f51f0002800, 0x00007f52794c7000, 0x00007f527952e800,
0x00007f51ec02e000, 0x00007f51ec030800, 0x00007f51ec032000, 0x00007f52787ec800,
0x00007f52787ef800, 0x00007f52787f3000, 0x00007f52787f4800, 0x00007f52787f6000,
0x00007f5278798000, 0x00007f527879a000, 0x00007f527879b800, 0x00007f527879d800,
0x00007f527879f800, 0x00007f52787a1800, 0x00007f52787a7800, 0x00007f52787aa000,
0x00007f5278018800, 0x00007f5214001800
}

Java Threads: ( => current thread )
  0x00007f5278139000 JavaThread "Reference Handler" daemon [_thread_blocked, id=21314, stack(0x00007f525870d000,0x00007f525880e000)]
  0x00007f527813b000 JavaThread "Finalizer" daemon [_thread_blocked, id=21315, stack(0x00007f525860c000,0x00007f525870d000)]
  0x00007f5278141800 JavaThread "Signal Dispatcher" daemon [_thread_blocked, id=21316, stack(0x00007f52580ab000,0x00007f52581ac000)]
  0x00007f5278143800 JavaThread "C1 CompilerThread0" daemon [_thread_blocked, id=21317, stack(0x00007f523beff000,0x00007f523c000000)]
  0x00007f5278146000 JavaThread "Sweeper thread" daemon [_thread_blocked, id=21318, stack(0x00007f523bdfe000,0x00007f523beff000)]
  0x00007f5278183800 JavaThread "Common-Cleaner" daemon [_thread_blocked, id=21319, stack(0x00007f523bcfd000,0x00007f523bdfe000)]
  0x00007f52781c7000 JavaThread "JDWP Transport Listener: dt_socket" daemon [_thread_in_native, id=21321, stack(0x00007f523b9f6000,0x00007f523baf7000)]
  0x00007f52781ca800 JavaThread "JDWP Event Helper Thread" daemon [_thread_blocked, id=21324, stack(0x00007f523b8f5000,0x00007f523b9f6000)]
  0x00007f5278547000 JavaThread "Service Thread" daemon [_thread_blocked, id=21328, stack(0x00007f523b2cb000,0x00007f523b3cc000)]
  0x00007f5278601000 JavaThread "RMI TCP Accept-0" daemon [_thread_in_native, id=21330, stack(0x00007f523abbc000,0x00007f523acbd000)]
  0x00007f527860b000 JavaThread "RMI TCP Accept-33953" daemon [_thread_in_native, id=21331, stack(0x00007f523aabb000,0x00007f523abbc000)]
  0x00007f527861e000 JavaThread "RMI TCP Accept-0" daemon [_thread_in_native, id=21332, stack(0x00007f523a9ba000,0x00007f523aabb000)]
  0x00007f52794c3800 JavaThread "Catalina-utility-1" [_thread_blocked, id=21627, stack(0x00007f523a6b5000,0x00007f523a7b6000)]
  0x00007f51f0002800 JavaThread "Catalina-utility-2" [_thread_blocked, id=21628, stack(0x00007f52392ae000,0x00007f52393af000)]
  0x00007f52794c7000 JavaThread "container-0" [_thread_blocked, id=21629, stack(0x00007f52391ad000,0x00007f52392ae000)]
  0x00007f527952e800 JavaThread "cluster-ClusterId{value='5f83ca49ef28e006b3b870c9', description='null'}-srv-mrvans.ud9rf.mongodb.net" daemon [_thread_blocked, id=21630, stack(0x00007f5238eac000,0x00007f5238fad000)]
  0x00007f51ec02e000 JavaThread "cluster-ClusterId{value='5f83ca49ef28e006b3b870c9', description='null'}-mrvans-shard-00-00.ud9rf.mongodb.net:27017" daemon [_thread_blocked, id=21631, stack(0x00007f5238bab000,0x00007f5238cac000)]
  0x00007f51ec030800 JavaThread "cluster-ClusterId{value='5f83ca49ef28e006b3b870c9', description='null'}-mrvans-shard-00-02.ud9rf.mongodb.net:27017" daemon [_thread_blocked, id=21632, stack(0x00007f5238aaa000,0x00007f5238bab000)]
  0x00007f51ec032000 JavaThread "cluster-ClusterId{value='5f83ca49ef28e006b3b870c9', description='null'}-mrvans-shard-00-01.ud9rf.mongodb.net:27017" daemon [_thread_blocked, id=21633, stack(0x00007f52389a9000,0x00007f5238aaa000)]
  0x00007f52787ec800 JavaThread "http-nio-8081-BlockPoller" daemon [_thread_in_native, id=21639, stack(0x00007f5238071000,0x00007f5238172000)]
  0x00007f52787ef800 JavaThread "http-nio-8081-exec-1" daemon [_thread_blocked, id=21640, stack(0x00007f51cf2da000,0x00007f51cf3db000)]
  0x00007f52787f3000 JavaThread "http-nio-8081-exec-2" daemon [_thread_blocked, id=21641, stack(0x00007f51cf1d9000,0x00007f51cf2da000)]
  0x00007f52787f4800 JavaThread "http-nio-8081-exec-3" daemon [_thread_blocked, id=21642, stack(0x00007f51cf0d8000,0x00007f51cf1d9000)]
  0x00007f52787f6000 JavaThread "http-nio-8081-exec-4" daemon [_thread_blocked, id=21643, stack(0x00007f51cefd7000,0x00007f51cf0d8000)]
  0x00007f5278798000 JavaThread "http-nio-8081-exec-5" daemon [_thread_blocked, id=21644, stack(0x00007f51ceed6000,0x00007f51cefd7000)]
  0x00007f527879a000 JavaThread "http-nio-8081-exec-6" daemon [_thread_blocked, id=21645, stack(0x00007f51cedd5000,0x00007f51ceed6000)]
  0x00007f527879b800 JavaThread "http-nio-8081-exec-7" daemon [_thread_blocked, id=21646, stack(0x00007f51cecd4000,0x00007f51cedd5000)]
  0x00007f527879d800 JavaThread "http-nio-8081-exec-8" daemon [_thread_blocked, id=21647, stack(0x00007f51cebd3000,0x00007f51cecd4000)]
  0x00007f527879f800 JavaThread "http-nio-8081-exec-9" daemon [_thread_blocked, id=21648, stack(0x00007f51cead2000,0x00007f51cebd3000)]
  0x00007f52787a1800 JavaThread "http-nio-8081-exec-10" daemon [_thread_blocked, id=21649, stack(0x00007f51ce9d1000,0x00007f51cead2000)]
  0x00007f52787a7800 JavaThread "http-nio-8081-ClientPoller" daemon [_thread_in_native, id=21650, stack(0x00007f51ce8d0000,0x00007f51ce9d1000)]
  0x00007f52787aa000 JavaThread "http-nio-8081-Acceptor" daemon [_thread_in_native, id=21651, stack(0x00007f51ce7cf000,0x00007f51ce8d0000)]
  0x00007f5278018800 JavaThread "DestroyJavaVM" [_thread_blocked, id=21307, stack(0x00007f52824fb000,0x00007f52825fc000)]
=>0x00007f5214001800 JavaThread "RMI TCP Connection(1)-127.0.0.1" daemon [_thread_in_vm, id=21734, stack(0x00007f523b7f4000,0x00007f523b8f5000)]

Other Threads:
  0x00007f5278136000 VMThread "VM Thread" [stack: 0x00007f5258810000,0x00007f5258910000] [id=21313]
  0x00007f5278621000 WatcherThread [stack: 0x00007f523a8ba000,0x00007f523a9ba000] [id=21333]
  0x00007f5278032000 GCTaskThread "GC Thread#0" [stack: 0x00007f527e0a8000,0x00007f527e1a8000] [id=21308]
  0x00007f5248001000 GCTaskThread "GC Thread#1" [stack: 0x00007f523a7b8000,0x00007f523a8b8000] [id=21334]
  0x00007f5248004000 GCTaskThread "GC Thread#2" [stack: 0x00007f523a3b5000,0x00007f523a4b5000] [id=21336]
  0x00007f5248005800 GCTaskThread "GC Thread#3" [stack: 0x00007f523a2b3000,0x00007f523a3b3000] [id=21337]
  0x00007f5248016000 GCTaskThread "GC Thread#4" [stack: 0x00007f523867a000,0x00007f523877a000] [id=21634]
  0x00007f5248017000 GCTaskThread "GC Thread#5" [stack: 0x00007f5238578000,0x00007f5238678000] [id=21635]
  0x00007f5248019000 GCTaskThread "GC Thread#6" [stack: 0x00007f5238476000,0x00007f5238576000] [id=21636]
  0x00007f524801a800 GCTaskThread "GC Thread#7" [stack: 0x00007f5238374000,0x00007f5238474000] [id=21637]
  0x00007f527804c800 ConcurrentGCThread "G1 Main Marker" [stack: 0x00007f527c314000,0x00007f527c414000] [id=21309]
  0x00007f527804e800 ConcurrentGCThread "G1 Conc#0" [stack: 0x00007f527c212000,0x00007f527c312000] [id=21310]
  0x00007f5254001000 ConcurrentGCThread "G1 Conc#1" [stack: 0x00007f52399b1000,0x00007f5239ab1000] [id=21620]
  0x00007f52780a0800 ConcurrentGCThread "G1 Refine#0" [stack: 0x00007f526020a000,0x00007f526030a000] [id=21311]
  0x00007f52780a2800 ConcurrentGCThread "G1 Young RemSet Sampling" [stack: 0x00007f5260108000,0x00007f5260208000] [id=21312]

Threads with active compile tasks:

VM state:synchronizing (normal execution)

VM Mutex/Monitor currently owned by a thread:  ([mutex/lock_event])
[0x00007f5278014ab0] Threads_lock - owner thread: 0x00007f5278136000

Heap address: 0x00000000c4400000, size: 956 MB, Compressed Oops mode: 32-bit
Narrow klass base: 0x0000000800000000, Narrow klass shift: 3
Compressed class space size: 1073741824 Address: 0x0000000840000000

Heap:
 garbage-first heap   total 98304K, used 54768K [0x00000000c4400000, 0x0000000100000000)
  region size 1024K, 34 young (34816K), 4 survivors (4096K)
 Metaspace       used 45479K, capacity 47306K, committed 47616K, reserved 1089536K
  class space    used 6148K, capacity 6888K, committed 6912K, reserved 1048576K
Heap Regions: E=young(eden), S=young(survivor), O=old, HS=humongous(starts), HC=humongous(continues), CS=collection set, F=free, A=archive, TAMS=top-at-mark-start (previous, next)
|   0|0x00000000c4400000, 0x00000000c4500000, 0x00000000c4500000|100%| O|  |TAMS 0x00000000c4500000, 0x00000000c4400000| Untracked 
|   1|0x00000000c4500000, 0x00000000c4600000, 0x00000000c4600000|100%| O|  |TAMS 0x00000000c4600000, 0x00000000c4500000| Untracked 
|   2|0x00000000c4600000, 0x00000000c4700000, 0x00000000c4700000|100%| O|  |TAMS 0x00000000c4700000, 0x00000000c4600000| Untracked 
|   3|0x00000000c4700000, 0x00000000c4800000, 0x00000000c4800000|100%| O|  |TAMS 0x00000000c4800000, 0x00000000c4700000| Untracked 
|   4|0x00000000c4800000, 0x00000000c4900000, 0x00000000c4900000|100%| O|  |TAMS 0x00000000c4900000, 0x00000000c4800000| Untracked 
|   5|0x00000000c4900000, 0x00000000c4a00000, 0x00000000c4a00000|100%| O|  |TAMS 0x00000000c4a00000, 0x00000000c4900000| Untracked 
|   6|0x00000000c4a00000, 0x00000000c4b00000, 0x00000000c4b00000|100%| O|  |TAMS 0x00000000c4b00000, 0x00000000c4a00000| Untracked 
|   7|0x00000000c4b00000, 0x00000000c4c00000, 0x00000000c4c00000|100%| O|  |TAMS 0x00000000c4c00000, 0x00000000c4b00000| Untracked 
|   8|0x00000000c4c00000, 0x00000000c4d00000, 0x00000000c4d00000|100%| O|  |TAMS 0x00000000c4d00000, 0x00000000c4c00000| Untracked 
|   9|0x00000000c4d00000, 0x00000000c4e00000, 0x00000000c4e00000|100%| O|  |TAMS 0x00000000c4e00000, 0x00000000c4d00000| Untracked 
|  10|0x00000000c4e00000, 0x00000000c4f00000, 0x00000000c4f00000|100%| O|  |TAMS 0x00000000c4f00000, 0x00000000c4e00000| Untracked 
|  11|0x00000000c4f00000, 0x00000000c5000000, 0x00000000c5000000|100%| O|  |TAMS 0x00000000c5000000, 0x00000000c4f00000| Untracked 
|  12|0x00000000c5000000, 0x00000000c5100000, 0x00000000c5100000|100%| O|  |TAMS 0x00000000c5100000, 0x00000000c5000000| Untracked 
|  13|0x00000000c5100000, 0x00000000c5200000, 0x00000000c5200000|100%| O|  |TAMS 0x00000000c5200000, 0x00000000c5100000| Untracked 
|  14|0x00000000c5200000, 0x00000000c5300000, 0x00000000c5300000|100%| O|  |TAMS 0x00000000c5300000, 0x00000000c5200000| Untracked 
|  15|0x00000000c5300000, 0x00000000c5400000, 0x00000000c5400000|100%| O|  |TAMS 0x00000000c5400000, 0x00000000c5300000| Untracked 
|  16|0x00000000c5400000, 0x00000000c5500000, 0x00000000c5500000|100%| O|  |TAMS 0x00000000c54dce00, 0x00000000c5400000| Untracked 
|  17|0x00000000c5500000, 0x00000000c5600000, 0x00000000c5600000|100%| O|  |TAMS 0x00000000c5500000, 0x00000000c5500000| Untracked 
|  18|0x00000000c5600000, 0x00000000c5700000, 0x00000000c5700000|100%| O|  |TAMS 0x00000000c5600000, 0x00000000c5600000| Untracked 
|  19|0x00000000c5700000, 0x00000000c5800000, 0x00000000c5800000|100%| O|  |TAMS 0x00000000c5700000, 0x00000000c5700000| Untracked 
|  20|0x00000000c5800000, 0x00000000c5900000, 0x00000000c5900000|100%| O|  |TAMS 0x00000000c5800000, 0x00000000c5800000| Untracked 
|  21|0x00000000c5900000, 0x00000000c595a400, 0x00000000c5a00000| 35%| O|  |TAMS 0x00000000c5900000, 0x00000000c5900000| Untracked 
|  22|0x00000000c5a00000, 0x00000000c5a00000, 0x00000000c5b00000|  0%| F|  |TAMS 0x00000000c5a00000, 0x00000000c5a00000| Untracked 
|  23|0x00000000c5b00000, 0x00000000c5b00000, 0x00000000c5c00000|  0%| F|  |TAMS 0x00000000c5b00000, 0x00000000c5b00000| Untracked 
|  24|0x00000000c5c00000, 0x00000000c5c00000, 0x00000000c5d00000|  0%| F|  |TAMS 0x00000000c5c00000, 0x00000000c5c00000| Untracked 
|  25|0x00000000c5d00000, 0x00000000c5d00000, 0x00000000c5e00000|  0%| F|  |TAMS 0x00000000c5d00000, 0x00000000c5d00000| Untracked 
|  26|0x00000000c5e00000, 0x00000000c5e00000, 0x00000000c5f00000|  0%| F|  |TAMS 0x00000000c5e00000, 0x00000000c5e00000| Untracked 
|  27|0x00000000c5f00000, 0x00000000c5f00000, 0x00000000c6000000|  0%| F|  |TAMS 0x00000000c5f00000, 0x00000000c5f00000| Untracked 
|  28|0x00000000c6000000, 0x00000000c6000000, 0x00000000c6100000|  0%| F|  |TAMS 0x00000000c6000000, 0x00000000c6000000| Untracked 
|  29|0x00000000c6100000, 0x00000000c6100000, 0x00000000c6200000|  0%| F|  |TAMS 0x00000000c6100000, 0x00000000c6100000| Untracked 
|  30|0x00000000c6200000, 0x00000000c6200000, 0x00000000c6300000|  0%| F|  |TAMS 0x00000000c6200000, 0x00000000c6200000| Untracked 
|  31|0x00000000c6300000, 0x00000000c6300000, 0x00000000c6400000|  0%| F|  |TAMS 0x00000000c6300000, 0x00000000c6300000| Untracked 
|  32|0x00000000c6400000, 0x00000000c6400000, 0x00000000c6500000|  0%| F|  |TAMS 0x00000000c6400000, 0x00000000c6400000| Untracked 
|  33|0x00000000c6500000, 0x00000000c6500000, 0x00000000c6600000|  0%| F|  |TAMS 0x00000000c6500000, 0x00000000c6500000| Untracked 
|  34|0x00000000c6600000, 0x00000000c6600000, 0x00000000c6700000|  0%| F|  |TAMS 0x00000000c6600000, 0x00000000c6600000| Untracked 
|  35|0x00000000c6700000, 0x00000000c6700000, 0x00000000c6800000|  0%| F|  |TAMS 0x00000000c6700000, 0x00000000c6700000| Untracked 
|  36|0x00000000c6800000, 0x00000000c6800000, 0x00000000c6900000|  0%| F|  |TAMS 0x00000000c6800000, 0x00000000c6800000| Untracked 
|  37|0x00000000c6900000, 0x00000000c6900000, 0x00000000c6a00000|  0%| F|  |TAMS 0x00000000c6900000, 0x00000000c6900000| Untracked 
|  38|0x00000000c6a00000, 0x00000000c6a00000, 0x00000000c6b00000|  0%| F|  |TAMS 0x00000000c6a00000, 0x00000000c6a00000| Untracked 
|  39|0x00000000c6b00000, 0x00000000c6b00000, 0x00000000c6c00000|  0%| F|  |TAMS 0x00000000c6b00000, 0x00000000c6b00000| Untracked 
|  40|0x00000000c6c00000, 0x00000000c6c00000, 0x00000000c6d00000|  0%| F|  |TAMS 0x00000000c6c00000, 0x00000000c6c00000| Untracked 
|  41|0x00000000c6d00000, 0x00000000c6d70c58, 0x00000000c6e00000| 44%| S|CS|TAMS 0x00000000c6d00000, 0x00000000c6d00000| Complete 
|  42|0x00000000c6e00000, 0x00000000c6f00000, 0x00000000c6f00000|100%| S|CS|TAMS 0x00000000c6e00000, 0x00000000c6e00000| Complete 
|  43|0x00000000c6f00000, 0x00000000c7000000, 0x00000000c7000000|100%| S|CS|TAMS 0x00000000c6f00000, 0x00000000c6f00000| Complete 
|  44|0x00000000c7000000, 0x00000000c7100000, 0x00000000c7100000|100%| S|CS|TAMS 0x00000000c7000000, 0x00000000c7000000| Complete 
|  45|0x00000000c7100000, 0x00000000c7100000, 0x00000000c7200000|  0%| F|  |TAMS 0x00000000c7100000, 0x00000000c7100000| Untracked 
|  46|0x00000000c7200000, 0x00000000c7200000, 0x00000000c7300000|  0%| F|  |TAMS 0x00000000c7200000, 0x00000000c7200000| Untracked 
|  47|0x00000000c7300000, 0x00000000c7300000, 0x00000000c7400000|  0%| F|  |TAMS 0x00000000c7300000, 0x00000000c7300000| Untracked 
|  48|0x00000000c7400000, 0x00000000c7400000, 0x00000000c7500000|  0%| F|  |TAMS 0x00000000c7400000, 0x00000000c7400000| Untracked 
|  49|0x00000000c7500000, 0x00000000c7500000, 0x00000000c7600000|  0%| F|  |TAMS 0x00000000c7500000, 0x00000000c7500000| Untracked 
|  50|0x00000000c7600000, 0x00000000c7600000, 0x00000000c7700000|  0%| F|  |TAMS 0x00000000c7600000, 0x00000000c7600000| Untracked 
|  51|0x00000000c7700000, 0x00000000c7700000, 0x00000000c7800000|  0%| F|  |TAMS 0x00000000c7700000, 0x00000000c7700000| Untracked 
|  52|0x00000000c7800000, 0x00000000c7800000, 0x00000000c7900000|  0%| F|  |TAMS 0x00000000c7800000, 0x00000000c7800000| Untracked 
|  53|0x00000000c7900000, 0x00000000c7900000, 0x00000000c7a00000|  0%| F|  |TAMS 0x00000000c7900000, 0x00000000c7900000| Untracked 
|  54|0x00000000c7a00000, 0x00000000c7a00000, 0x00000000c7b00000|  0%| F|  |TAMS 0x00000000c7a00000, 0x00000000c7a00000| Untracked 
|  55|0x00000000c7b00000, 0x00000000c7b00000, 0x00000000c7c00000|  0%| F|  |TAMS 0x00000000c7b00000, 0x00000000c7b00000| Untracked 
|  56|0x00000000c7c00000, 0x00000000c7c00000, 0x00000000c7d00000|  0%| F|  |TAMS 0x00000000c7c00000, 0x00000000c7c00000| Untracked 
|  57|0x00000000c7d00000, 0x00000000c7d00000, 0x00000000c7e00000|  0%| F|  |TAMS 0x00000000c7d00000, 0x00000000c7d00000| Untracked 
|  58|0x00000000c7e00000, 0x00000000c7e00000, 0x00000000c7f00000|  0%| F|  |TAMS 0x00000000c7e00000, 0x00000000c7e00000| Untracked 
|  59|0x00000000c7f00000, 0x00000000c7f00000, 0x00000000c8000000|  0%| F|  |TAMS 0x00000000c7f00000, 0x00000000c7f00000| Untracked 
|  60|0x00000000c8000000, 0x00000000c8000000, 0x00000000c8100000|  0%| F|  |TAMS 0x00000000c8000000, 0x00000000c8000000| Untracked 
|  61|0x00000000c8100000, 0x00000000c8100000, 0x00000000c8200000|  0%| F|  |TAMS 0x00000000c8100000, 0x00000000c8100000| Untracked 
|  62|0x00000000c8200000, 0x00000000c8200000, 0x00000000c8300000|  0%| F|  |TAMS 0x00000000c8200000, 0x00000000c8200000| Untracked 
|  63|0x00000000c8300000, 0x00000000c8300000, 0x00000000c8400000|  0%| F|  |TAMS 0x00000000c8300000, 0x00000000c8300000| Untracked 
|  64|0x00000000c8400000, 0x00000000c84993c8, 0x00000000c8500000| 59%| E|  |TAMS 0x00000000c8400000, 0x00000000c8400000| Complete 
|  65|0x00000000c8500000, 0x00000000c8600000, 0x00000000c8600000|100%| E|CS|TAMS 0x00000000c8500000, 0x00000000c8500000| Complete 
|  66|0x00000000c8600000, 0x00000000c8700000, 0x00000000c8700000|100%| E|CS|TAMS 0x00000000c8600000, 0x00000000c8600000| Complete 
|  67|0x00000000c8700000, 0x00000000c8800000, 0x00000000c8800000|100%| E|CS|TAMS 0x00000000c8700000, 0x00000000c8700000| Complete 
|  68|0x00000000c8800000, 0x00000000c8900000, 0x00000000c8900000|100%| E|CS|TAMS 0x00000000c8800000, 0x00000000c8800000| Complete 
|  69|0x00000000c8900000, 0x00000000c8a00000, 0x00000000c8a00000|100%| E|CS|TAMS 0x00000000c8900000, 0x00000000c8900000| Complete 
|  70|0x00000000c8a00000, 0x00000000c8b00000, 0x00000000c8b00000|100%| E|CS|TAMS 0x00000000c8a00000, 0x00000000c8a00000| Complete 
|  71|0x00000000c8b00000, 0x00000000c8c00000, 0x00000000c8c00000|100%| E|CS|TAMS 0x00000000c8b00000, 0x00000000c8b00000| Complete 
|  72|0x00000000c8c00000, 0x00000000c8d00000, 0x00000000c8d00000|100%| E|CS|TAMS 0x00000000c8c00000, 0x00000000c8c00000| Complete 
|  73|0x00000000c8d00000, 0x00000000c8e00000, 0x00000000c8e00000|100%| E|CS|TAMS 0x00000000c8d00000, 0x00000000c8d00000| Complete 
|  74|0x00000000c8e00000, 0x00000000c8f00000, 0x00000000c8f00000|100%| E|CS|TAMS 0x00000000c8e00000, 0x00000000c8e00000| Complete 
|  75|0x00000000c8f00000, 0x00000000c9000000, 0x00000000c9000000|100%| E|CS|TAMS 0x00000000c8f00000, 0x00000000c8f00000| Complete 
|  76|0x00000000c9000000, 0x00000000c9100000, 0x00000000c9100000|100%| E|CS|TAMS 0x00000000c9000000, 0x00000000c9000000| Complete 
|  77|0x00000000c9100000, 0x00000000c9200000, 0x00000000c9200000|100%| E|  |TAMS 0x00000000c9100000, 0x00000000c9100000| Complete 
|  78|0x00000000c9200000, 0x00000000c9300000, 0x00000000c9300000|100%| E|CS|TAMS 0x00000000c9200000, 0x00000000c9200000| Complete 
|  79|0x00000000c9300000, 0x00000000c9400000, 0x00000000c9400000|100%| E|CS|TAMS 0x00000000c9300000, 0x00000000c9300000| Complete 
|  80|0x00000000c9400000, 0x00000000c9500000, 0x00000000c9500000|100%| E|CS|TAMS 0x00000000c9400000, 0x00000000c9400000| Complete 
|  81|0x00000000c9500000, 0x00000000c9600000, 0x00000000c9600000|100%| E|CS|TAMS 0x00000000c9500000, 0x00000000c9500000| Complete 
|  82|0x00000000c9600000, 0x00000000c9700000, 0x00000000c9700000|100%| E|CS|TAMS 0x00000000c9600000, 0x00000000c9600000| Complete 
|  83|0x00000000c9700000, 0x00000000c9800000, 0x00000000c9800000|100%| E|CS|TAMS 0x00000000c9700000, 0x00000000c9700000| Complete 
|  84|0x00000000c9800000, 0x00000000c9900000, 0x00000000c9900000|100%| E|CS|TAMS 0x00000000c9800000, 0x00000000c9800000| Complete 
|  85|0x00000000c9900000, 0x00000000c9a00000, 0x00000000c9a00000|100%| E|CS|TAMS 0x00000000c9900000, 0x00000000c9900000| Complete 
|  86|0x00000000c9a00000, 0x00000000c9b00000, 0x00000000c9b00000|100%| E|CS|TAMS 0x00000000c9a00000, 0x00000000c9a00000| Complete 
|  87|0x00000000c9b00000, 0x00000000c9c00000, 0x00000000c9c00000|100%| E|CS|TAMS 0x00000000c9b00000, 0x00000000c9b00000| Complete 
|  88|0x00000000c9c00000, 0x00000000c9d00000, 0x00000000c9d00000|100%| E|CS|TAMS 0x00000000c9c00000, 0x00000000c9c00000| Complete 
|  89|0x00000000c9d00000, 0x00000000c9e00000, 0x00000000c9e00000|100%| E|CS|TAMS 0x00000000c9d00000, 0x00000000c9d00000| Complete 
|  90|0x00000000c9e00000, 0x00000000c9f00000, 0x00000000c9f00000|100%| E|CS|TAMS 0x00000000c9e00000, 0x00000000c9e00000| Complete 
|  91|0x00000000c9f00000, 0x00000000ca000000, 0x00000000ca000000|100%| E|CS|TAMS 0x00000000c9f00000, 0x00000000c9f00000| Complete 
|  92|0x00000000ca000000, 0x00000000ca100000, 0x00000000ca100000|100%| E|CS|TAMS 0x00000000ca000000, 0x00000000ca000000| Complete 
|  93|0x00000000ca100000, 0x00000000ca200000, 0x00000000ca200000|100%| E|CS|TAMS 0x00000000ca100000, 0x00000000ca100000| Complete 
| 954|0x00000000ffe00000, 0x00000000ffe47000, 0x00000000fff00000| 27%|OA|  |TAMS 0x00000000ffe47000, 0x00000000ffe00000| Untracked 
| 955|0x00000000fff00000, 0x00000000fff6a000, 0x0000000100000000| 41%|CA|  |TAMS 0x00000000fff6a000, 0x00000000fff00000| Untracked 

Card table byte_map: [0x00007f527d4e2000,0x00007f527d6c0000] _byte_map_base: 0x00007f527cec0000

Marking Bits (Prev, Next): (CMBitMap*) 0x00007f5278047c98, (CMBitMap*) 0x00007f5278047cd0
