#
# A fatal error has been detected by the Java Runtime Environment:
#
#  SIGSEGV (0xb) at pc=0x00007f453ef6b401, pid=23163, tid=23194
#
# JRE version: OpenJDK Runtime Environment (11.0.6+10) (build 11.0.6+10-post-Ubuntu-1ubuntu118.04.1)
# Java VM: OpenJDK 64-Bit Server VM (11.0.6+10-post-Ubuntu-1ubuntu118.04.1, mixed mode, sharing, tiered, compressed oops, g1 gc, linux-amd64)
# Problematic frame:
# C  [libjimage.so+0x2401]
#
# Core dump will be written. Default location: Core dumps may be processed with "/lib/systemd/systemd-coredump %P %u %g %s %t 9223372036854775808 %e" (or dumping to /home/tanky/Documents/Springboot Project/MrVans/core.23163)
#
# If you would like to submit a bug report, please visit:
#   https://bugs.launchpad.net/ubuntu/+source/openjdk-lts
#

---------------  S U M M A R Y ------------

Command Line: -agentlib:jdwp=transport=dt_socket,suspend=y,address=localhost:41511 -Dcom.sun.management.jmxremote -Dcom.sun.management.jmxremote.port=37445 -Dcom.sun.management.jmxremote.authenticate=false -Dcom.sun.management.jmxremote.ssl=false -Djava.rmi.server.hostname=localhost -Dspring.jmx.enabled=true -Dspring.liveBeansView.mbeanDomain -Dspring.application.admin.enabled=true -Djava.security.egd=file:/dev/./urandom -Xverify:none -XX:TieredStopAtLevel=1 -Dspring.boot.project.name=MrVan -javaagent:/home/tanky/Desktop/eclipse/jee-2019-123/eclipse/configuration/org.eclipse.osgi/1402/0/.cp/lib/javaagent-shaded.jar -Dfile.encoding=UTF-8 com.tanky.MrVan.MrVanApplication

Host: Intel(R) Core(TM) i5-8250U CPU @ 1.60GHz, 8 cores, 3G, Linux Mint 19.3 Tricia
Time: Mon Oct 12 10:26:35 2020 +07 elapsed time: 244 seconds (0d 0h 4m 4s)

---------------  T H R E A D  ---------------

Current thread (0x00007f45405fb000):  JavaThread "RMI TCP Accept-37445" daemon [_thread_in_vm, id=23194, stack(0x00007f44df7f0000,0x00007f44df8f1000)]

Stack: [0x00007f44df7f0000,0x00007f44df8f1000],  sp=0x00007f44df8ee170,  free space=1016k
Native frames: (J=compiled Java code, A=aot compiled Java code, j=interpreted, Vv=VM code, C=native code)
C  [libjimage.so+0x2401]
C  [libjimage.so+0x30ea]
C  [libjimage.so+0x35c6]  JIMAGE_FindResource+0xd6
V  [libjvm.so+0x59098e]
V  [libjvm.so+0x5936f0]
V  [libjvm.so+0xd49c05]
V  [libjvm.so+0xd4759a]
V  [libjvm.so+0xd4a192]
V  [libjvm.so+0x644c4d]
V  [libjvm.so+0x839b0c]
j  sun.rmi.transport.tcp.TCPTransport$AcceptLoop.executeAcceptLoop()V+68 java.rmi@11.0.6
j  sun.rmi.transport.tcp.TCPTransport$AcceptLoop.run()V+1 java.rmi@11.0.6
j  java.lang.Thread.run()V+11 java.base@11.0.6
v  ~StubRoutines::call_stub
V  [libjvm.so+0x8493b9]
V  [libjvm.so+0x8474fd]
V  [libjvm.so+0x8f20dc]
V  [libjvm.so+0xd83203]
V  [libjvm.so+0xd834d5]
V  [libjvm.so+0xd7f20a]
V  [libjvm.so+0xbcf1fe]

Java frames: (J=compiled Java code, j=interpreted, Vv=VM code)
j  sun.rmi.transport.tcp.TCPTransport$AcceptLoop.executeAcceptLoop()V+68 java.rmi@11.0.6
j  sun.rmi.transport.tcp.TCPTransport$AcceptLoop.run()V+1 java.rmi@11.0.6
j  java.lang.Thread.run()V+11 java.base@11.0.6
v  ~StubRoutines::call_stub

siginfo: si_signo: 11 (SIGSEGV), si_code: 1 (SEGV_MAPERR), si_addr: 0x00007f453688a568

Register to memory mapping:

RAX=0x0000000000004553 is an unknown value
RBX=0x00007f44df8ee221 is pointing into the stack for thread: 0x00007f45405fb000
RCX=0x00007f453687901c is an unknown value
RDX=0x0000000000004553 is an unknown value
RSP=0x00007f44df8ee170 is pointing into the stack for thread: 0x00007f45405fb000
RBP=0x00007f44df8ee190 is pointing into the stack for thread: 0x00007f45405fb000
RSI=0x00007f44df8ee220 is pointing into the stack for thread: 0x00007f45405fb000
RDI=0x00007f453f16e130: <offset 0x0000000000205130> in /usr/lib/jvm/java-11-openjdk-amd64/lib/libjimage.so at 0x00007f453ef69000
R8 =0x0 is NULL
R9 =0x000000000ccbfc40 is an unknown value
R10=0x00007f44df8ee25d is pointing into the stack for thread: 0x00007f45405fb000
R11=0x00007f4546c3d4c0: <offset 0x00000000001af4c0> in /lib/x86_64-linux-gnu/libc.so.6 at 0x00007f4546a8e000
R12=0x00007f44df8ee220 is pointing into the stack for thread: 0x00007f45405fb000
R13=0x00000000000083a0 is an unknown value
R14=0x00007f44df8ef2b8 is pointing into the stack for thread: 0x00007f45405fb000
R15=0x00007f44fc0a7e10 points into unknown readable memory: 73 75 6e 2f 72 6d 69 2f


Registers:
RAX=0x0000000000004553, RBX=0x00007f44df8ee221, RCX=0x00007f453687901c, RDX=0x0000000000004553
RSP=0x00007f44df8ee170, RBP=0x00007f44df8ee190, RSI=0x00007f44df8ee220, RDI=0x00007f453f16e130
R8 =0x0000000000000000, R9 =0x000000000ccbfc40, R10=0x00007f44df8ee25d, R11=0x00007f4546c3d4c0
R12=0x00007f44df8ee220, R13=0x00000000000083a0, R14=0x00007f44df8ef2b8, R15=0x00007f44fc0a7e10
RIP=0x00007f453ef6b401, EFLAGS=0x0000000000010246, CSGSFS=0x002b000000000033, ERR=0x0000000000000004
  TRAPNO=0x000000000000000e

Top of Stack: (sp=0x00007f44df8ee170)
0x00007f44df8ee170:   0000000000000000 00007f4540025e90
0x00007f44df8ee180:   0000000000000000 00007f44df8ee220
0x00007f44df8ee190:   00007f44df8ee200 00007f453ef6c0ea
0x00007f44df8ee1a0:   0000000000000000 0000000000000000 

Instructions: (pc=0x00007f453ef6b401)
0x00007f453ef6b301:   c5 4c 01 e3 48 89 ce e8 d3 f3 ff ff e9 69 fd ff
0x00007f453ef6b311:   ff 89 d1 0f b7 74 08 fe 66 41 89 74 0e fe e9 7a
0x00007f453ef6b321:   fe ff ff 0f 1f 40 00 8b 08 49 8d 1c 16 41 89 0e
0x00007f453ef6b331:   89 d1 8b 74 08 fc 41 89 74 0e fc 48 8d 34 10 48
0x00007f453ef6b341:   89 75 b8 e9 0b fe ff ff 0f 1f 80 00 00 00 00 0f
0x00007f453ef6b351:   b6 17 55 89 f0 48 89 e5 84 d2 74 22 48 8d 4f 01
0x00007f453ef6b361:   0f 1f 80 00 00 00 00 48 83 c1 01 0f b6 f2 0f b6
0x00007f453ef6b371:   51 ff 69 c0 93 01 00 01 31 f0 84 d2 75 e9 25 ff
0x00007f453ef6b381:   ff ff 7f 5d c3 66 2e 0f 1f 84 00 00 00 00 00 48
0x00007f453ef6b391:   85 d2 0f 84 dd 00 00 00 85 c9 0f 84 d5 00 00 00
0x00007f453ef6b3a1:   55 48 89 e5 41 55 41 54 53 48 8d 5e 01 48 83 ec
0x00007f453ef6b3b1:   08 44 0f b6 06 45 84 c0 0f 84 a9 00 00 00 49 89
0x00007f453ef6b3c1:   da b8 93 01 00 01 66 0f 1f 84 00 00 00 00 00 49
0x00007f453ef6b3d1:   83 c2 01 44 69 c8 93 01 00 01 41 0f b6 c0 45 0f
0x00007f453ef6b3e1:   b6 42 ff 44 31 c8 45 84 c0 75 e4 25 ff ff ff 7f
0x00007f453ef6b3f1:   41 89 cd 48 89 d1 31 d2 41 f7 f5 49 89 f4 89 d0
0x00007f453ef6b401:   8b 34 81 48 8b 07 ff 50 20 83 f8 00 7e 41 41 0f
0x00007f453ef6b411:   b6 14 24 84 d2 74 1c 0f 1f 84 00 00 00 00 00 69
0x00007f453ef6b421:   c0 93 01 00 01 48 83 c3 01 31 d0 0f b6 53 ff 84
0x00007f453ef6b431:   d2 75 ec 25 ff ff ff 7f 31 d2 41 f7 f5 48 83 c4
0x00007f453ef6b441:   08 89 d0 5b 41 5c 41 5d 5d c3 0f 1f 44 00 00 74
0x00007f453ef6b451:   1d f7 d0 48 83 c4 08 89 c2 5b 89 d0 41 5c 41 5d
0x00007f453ef6b461:   5d c3 0f 1f 44 00 00 b8 93 01 00 01 eb 82 ba ff
0x00007f453ef6b471:   ff ff ff eb c8 83 ca ff 89 d0 c3 0f 1f 40 00 0f
0x00007f453ef6b481:   b6 17 55 48 89 f8 48 89 e5 84 d2 75 15 eb 1a 38
0x00007f453ef6b491:   ca 75 1c 48 83 c0 01 0f b6 10 48 83 c6 01 84 d2
0x00007f453ef6b4a1:   74 07 0f b6 0e 84 c9 75 e6 5d c3 0f 1f 40 00 31
0x00007f453ef6b4b1:   c0 5d c3 66 90 66 2e 0f 1f 84 00 00 00 00 00 55
0x00007f453ef6b4c1:   48 85 f6 48 89 e5 74 57 0f 1f 80 00 00 00 00 0f
0x00007f453ef6b4d1:   b6 06 84 c0 74 49 0f b6 d0 83 e0 07 c1 fa 03 44
0x00007f453ef6b4e1:   8d 50 01 0f b6 c0 41 89 d1 48 8d 56 01 4c 8d 44
0x00007f453ef6b4f1:   06 02 31 c0 0f 1f 00 0f b6 0a 48 c1 e0 08 48 83 


Stack slot to memory mapping:
stack at sp + 0 slots: 0x0 is NULL
stack at sp + 1 slots: 0x00007f4540025e90 points into unknown readable memory: d0 76 01 e8 44 7f 00 00
stack at sp + 2 slots: 0x0 is NULL
stack at sp + 3 slots: 0x00007f44df8ee220 is pointing into the stack for thread: 0x00007f45405fb000
stack at sp + 4 slots: 0x00007f44df8ee200 is pointing into the stack for thread: 0x00007f45405fb000
stack at sp + 5 slots: 0x00007f453ef6c0ea: <offset 0x00000000000030ea> in /usr/lib/jvm/java-11-openjdk-amd64/lib/libjimage.so at 0x00007f453ef69000
stack at sp + 6 slots: 0x0 is NULL
stack at sp + 7 slots: 0x0 is NULL


---------------  P R O C E S S  ---------------

Threads class SMR info:
_java_thread_list=0x00007f44e0002330, length=32, elements={
0x00007f4540139000, 0x00007f454013b000, 0x00007f4540141800, 0x00007f4540143800,
0x00007f4540146000, 0x00007f4540173800, 0x00007f45401b6800, 0x00007f45401ba000,
0x00007f4540537000, 0x00007f45405f1800, 0x00007f45405fb000, 0x00007f454060e000,
0x00007f4541188000, 0x00007f44bc002000, 0x00007f454119a800, 0x00007f44a802b800,
0x00007f44a802e000, 0x00007f44a802f800, 0x00007f4540580800, 0x00007f45406cb000,
0x00007f45406cc800, 0x00007f45406ce800, 0x00007f45406d0000, 0x00007f454067b800,
0x00007f454067d800, 0x00007f454067f800, 0x00007f4540681800, 0x00007f4540695800,
0x00007f4540697800, 0x00007f4540584800, 0x00007f4540587000, 0x00007f4540018800
}

Java Threads: ( => current thread )
  0x00007f4540139000 JavaThread "Reference Handler" daemon [_thread_blocked, id=23177, stack(0x00007f45153f9000,0x00007f45154fa000)]
  0x00007f454013b000 JavaThread "Finalizer" daemon [_thread_blocked, id=23178, stack(0x00007f45152f8000,0x00007f45153f9000)]
  0x00007f4540141800 JavaThread "Signal Dispatcher" daemon [_thread_blocked, id=23179, stack(0x00007f4514d97000,0x00007f4514e98000)]
  0x00007f4540143800 JavaThread "C1 CompilerThread0" daemon [_thread_blocked, id=23180, stack(0x00007f4514c96000,0x00007f4514d97000)]
  0x00007f4540146000 JavaThread "Sweeper thread" daemon [_thread_blocked, id=23181, stack(0x00007f4514b95000,0x00007f4514c96000)]
  0x00007f4540173800 JavaThread "Common-Cleaner" daemon [_thread_blocked, id=23182, stack(0x00007f4514a94000,0x00007f4514b95000)]
  0x00007f45401b6800 JavaThread "JDWP Transport Listener: dt_socket" daemon [_thread_in_native, id=23184, stack(0x00007f451478d000,0x00007f451488e000)]
  0x00007f45401ba000 JavaThread "JDWP Event Helper Thread" daemon [_thread_blocked, id=23186, stack(0x00007f451468c000,0x00007f451478d000)]
  0x00007f4540537000 JavaThread "Service Thread" daemon [_thread_blocked, id=23192, stack(0x00007f4514062000,0x00007f4514163000)]
  0x00007f45405f1800 JavaThread "RMI TCP Accept-0" daemon [_thread_in_native, id=23193, stack(0x00007f44df8f1000,0x00007f44df9f2000)]
=>0x00007f45405fb000 JavaThread "RMI TCP Accept-37445" daemon [_thread_in_vm, id=23194, stack(0x00007f44df7f0000,0x00007f44df8f1000)]
  0x00007f454060e000 JavaThread "RMI TCP Accept-0" daemon [_thread_in_native, id=23195, stack(0x00007f44df6ef000,0x00007f44df7f0000)]
  0x00007f4541188000 JavaThread "Catalina-utility-1" [_thread_blocked, id=23490, stack(0x00007f44df3ea000,0x00007f44df4eb000)]
  0x00007f44bc002000 JavaThread "Catalina-utility-2" [_thread_blocked, id=23491, stack(0x00007f44ddfe3000,0x00007f44de0e4000)]
  0x00007f454119a800 JavaThread "container-0" [_thread_blocked, id=23492, stack(0x00007f44ddee2000,0x00007f44ddfe3000)]
  0x00007f44a802b800 JavaThread "cluster-ClusterId{value='5f83cbfa430cfa166b470be2', description='null'}-mrvans-shard-00-00.ud9rf.mongodb.net:27017" daemon [_thread_blocked, id=23494, stack(0x00007f44ddae0000,0x00007f44ddbe1000)]
  0x00007f44a802e000 JavaThread "cluster-ClusterId{value='5f83cbfa430cfa166b470be2', description='null'}-mrvans-shard-00-02.ud9rf.mongodb.net:27017" daemon [_thread_blocked, id=23495, stack(0x00007f44dd9df000,0x00007f44ddae0000)]
  0x00007f44a802f800 JavaThread "cluster-ClusterId{value='5f83cbfa430cfa166b470be2', description='null'}-mrvans-shard-00-01.ud9rf.mongodb.net:27017" daemon [_thread_blocked, id=23496, stack(0x00007f44dd8de000,0x00007f44dd9df000)]
  0x00007f4540580800 JavaThread "http-nio-8081-BlockPoller" daemon [_thread_in_native, id=23502, stack(0x00007f44dc181000,0x00007f44dc282000)]
  0x00007f45406cb000 JavaThread "http-nio-8081-exec-1" daemon [_thread_blocked, id=23503, stack(0x00007f44dc080000,0x00007f44dc181000)]
  0x00007f45406cc800 JavaThread "http-nio-8081-exec-2" daemon [_thread_blocked, id=23504, stack(0x00007f4487eff000,0x00007f4488000000)]
  0x00007f45406ce800 JavaThread "http-nio-8081-exec-3" daemon [_thread_blocked, id=23505, stack(0x00007f4487dfe000,0x00007f4487eff000)]
  0x00007f45406d0000 JavaThread "http-nio-8081-exec-4" daemon [_thread_blocked, id=23506, stack(0x00007f4487cfd000,0x00007f4487dfe000)]
  0x00007f454067b800 JavaThread "http-nio-8081-exec-5" daemon [_thread_blocked, id=23507, stack(0x00007f4487bfc000,0x00007f4487cfd000)]
  0x00007f454067d800 JavaThread "http-nio-8081-exec-6" daemon [_thread_blocked, id=23508, stack(0x00007f4487afb000,0x00007f4487bfc000)]
  0x00007f454067f800 JavaThread "http-nio-8081-exec-7" daemon [_thread_blocked, id=23509, stack(0x00007f44879fa000,0x00007f4487afb000)]
  0x00007f4540681800 JavaThread "http-nio-8081-exec-8" daemon [_thread_blocked, id=23510, stack(0x00007f44878f9000,0x00007f44879fa000)]
  0x00007f4540695800 JavaThread "http-nio-8081-exec-9" daemon [_thread_blocked, id=23511, stack(0x00007f44877f8000,0x00007f44878f9000)]
  0x00007f4540697800 JavaThread "http-nio-8081-exec-10" daemon [_thread_blocked, id=23512, stack(0x00007f44876f7000,0x00007f44877f8000)]
  0x00007f4540584800 JavaThread "http-nio-8081-ClientPoller" daemon [_thread_in_native, id=23513, stack(0x00007f44875f6000,0x00007f44876f7000)]
  0x00007f4540587000 JavaThread "http-nio-8081-Acceptor" daemon [_thread_in_native, id=23514, stack(0x00007f44874f5000,0x00007f44875f6000)]
  0x00007f4540018800 JavaThread "DestroyJavaVM" [_thread_blocked, id=23170, stack(0x00007f4547192000,0x00007f4547293000)]

Other Threads:
  0x00007f4540136000 VMThread "VM Thread" [stack: 0x00007f45154fc000,0x00007f45155fc000] [id=23176]
  0x00007f4540611000 WatcherThread [stack: 0x00007f44df5ef000,0x00007f44df6ef000] [id=23196]
  0x00007f4540032000 GCTaskThread "GC Thread#0" [stack: 0x00007f45275a7000,0x00007f45276a7000] [id=23171]
  0x00007f450c001000 GCTaskThread "GC Thread#1" [stack: 0x00007f44df4ed000,0x00007f44df5ed000] [id=23197]
  0x00007f450c004000 GCTaskThread "GC Thread#2" [stack: 0x00007f44df0ea000,0x00007f44df1ea000] [id=23199]
  0x00007f450c005800 GCTaskThread "GC Thread#3" [stack: 0x00007f44defe8000,0x00007f44df0e8000] [id=23200]
  0x00007f450c020000 GCTaskThread "GC Thread#4" [stack: 0x00007f44dd3af000,0x00007f44dd4af000] [id=23497]
  0x00007f450c021000 GCTaskThread "GC Thread#5" [stack: 0x00007f44dd2ad000,0x00007f44dd3ad000] [id=23498]
  0x00007f450c022800 GCTaskThread "GC Thread#6" [stack: 0x00007f44dd1ab000,0x00007f44dd2ab000] [id=23499]
  0x00007f450c024800 GCTaskThread "GC Thread#7" [stack: 0x00007f44dd0a9000,0x00007f44dd1a9000] [id=23500]
  0x00007f454004c800 ConcurrentGCThread "G1 Main Marker" [stack: 0x00007f4524923000,0x00007f4524a23000] [id=23172]
  0x00007f454004e800 ConcurrentGCThread "G1 Conc#0" [stack: 0x00007f4524821000,0x00007f4524921000] [id=23173]
  0x00007f4518001000 ConcurrentGCThread "G1 Conc#1" [stack: 0x00007f44de6e6000,0x00007f44de7e6000] [id=23483]
  0x00007f45400a0800 ConcurrentGCThread "G1 Refine#0" [stack: 0x00007f4515f00000,0x00007f4516000000] [id=23174]
  0x00007f45400a2800 ConcurrentGCThread "G1 Young RemSet Sampling" [stack: 0x00007f4515dfe000,0x00007f4515efe000] [id=23175]

Threads with active compile tasks:

VM state:not at safepoint (normal execution)

VM Mutex/Monitor currently owned by a thread: None

Heap address: 0x00000000c4400000, size: 956 MB, Compressed Oops mode: 32-bit
Narrow klass base: 0x0000000800000000, Narrow klass shift: 3
Compressed class space size: 1073741824 Address: 0x0000000840000000

Heap:
 garbage-first heap   total 140288K, used 88882K [0x00000000c4400000, 0x0000000100000000)
  region size 1024K, 69 young (70656K), 6 survivors (6144K)
 Metaspace       used 46792K, capacity 48709K, committed 48896K, reserved 1091584K
  class space    used 6300K, capacity 7060K, committed 7168K, reserved 1048576K
Heap Regions: E=young(eden), S=young(survivor), O=old, HS=humongous(starts), HC=humongous(continues), CS=collection set, F=free, A=archive, TAMS=top-at-mark-start (previous, next)
|   0|0x00000000c4400000, 0x00000000c4500000, 0x00000000c4500000|100%| O|  |TAMS 0x00000000c4500000, 0x00000000c4400000| Untracked 
|   1|0x00000000c4500000, 0x00000000c4600000, 0x00000000c4600000|100%| O|  |TAMS 0x00000000c4600000, 0x00000000c4500000| Untracked 
|   2|0x00000000c4600000, 0x00000000c4700000, 0x00000000c4700000|100%| O|  |TAMS 0x00000000c4700000, 0x00000000c4600000| Untracked 
|   3|0x00000000c4700000, 0x00000000c4800000, 0x00000000c4800000|100%| O|  |TAMS 0x00000000c4800000, 0x00000000c4700000| Untracked 
|   4|0x00000000c4800000, 0x00000000c4900000, 0x00000000c4900000|100%| O|  |TAMS 0x00000000c4900000, 0x00000000c4800000| Untracked 
|   5|0x00000000c4900000, 0x00000000c4a00000, 0x00000000c4a00000|100%| O|  |TAMS 0x00000000c4a00000, 0x00000000c4900000| Untracked 
|   6|0x00000000c4a00000, 0x00000000c4b00000, 0x00000000c4b00000|100%| O|  |TAMS 0x00000000c4b00000, 0x00000000c4a00000| Untracked 
|   7|0x00000000c4b00000, 0x00000000c4c00000, 0x00000000c4c00000|100%| O|  |TAMS 0x00000000c4c00000, 0x00000000c4b00000| Untracked 
|   8|0x00000000c4c00000, 0x00000000c4d00000, 0x00000000c4d00000|100%| O|  |TAMS 0x00000000c4d00000, 0x00000000c4c00000| Untracked 
|   9|0x00000000c4d00000, 0x00000000c4e00000, 0x00000000c4e00000|100%| O|  |TAMS 0x00000000c4e00000, 0x00000000c4d00000| Untracked 
|  10|0x00000000c4e00000, 0x00000000c4f00000, 0x00000000c4f00000|100%| O|  |TAMS 0x00000000c4f00000, 0x00000000c4e00000| Untracked 
|  11|0x00000000c4f00000, 0x00000000c5000000, 0x00000000c5000000|100%| O|  |TAMS 0x00000000c5000000, 0x00000000c4f00000| Untracked 
|  12|0x00000000c5000000, 0x00000000c5100000, 0x00000000c5100000|100%| O|  |TAMS 0x00000000c5100000, 0x00000000c5000000| Untracked 
|  13|0x00000000c5100000, 0x00000000c5200000, 0x00000000c5200000|100%| O|  |TAMS 0x00000000c5200000, 0x00000000c5100000| Untracked 
|  14|0x00000000c5200000, 0x00000000c5300000, 0x00000000c5300000|100%| O|  |TAMS 0x00000000c5300000, 0x00000000c5200000| Untracked 
|  15|0x00000000c5300000, 0x00000000c5400000, 0x00000000c5400000|100%| O|  |TAMS 0x00000000c5300000, 0x00000000c5300000| Untracked 
|  16|0x00000000c5400000, 0x00000000c5500000, 0x00000000c5500000|100%| O|  |TAMS 0x00000000c5400000, 0x00000000c5400000| Untracked 
|  17|0x00000000c5500000, 0x00000000c5600000, 0x00000000c5600000|100%| O|  |TAMS 0x00000000c5500000, 0x00000000c5500000| Untracked 
|  18|0x00000000c5600000, 0x00000000c5700000, 0x00000000c5700000|100%| O|  |TAMS 0x00000000c5600000, 0x00000000c5600000| Untracked 
|  19|0x00000000c5700000, 0x00000000c57e1600, 0x00000000c5800000| 88%| O|  |TAMS 0x00000000c5700000, 0x00000000c5700000| Untracked 
|  20|0x00000000c5800000, 0x00000000c5800000, 0x00000000c5900000|  0%| F|  |TAMS 0x00000000c5800000, 0x00000000c5800000| Untracked 
|  21|0x00000000c5900000, 0x00000000c5900000, 0x00000000c5a00000|  0%| F|  |TAMS 0x00000000c5900000, 0x00000000c5900000| Untracked 
|  22|0x00000000c5a00000, 0x00000000c5a00000, 0x00000000c5b00000|  0%| F|  |TAMS 0x00000000c5a00000, 0x00000000c5a00000| Untracked 
|  23|0x00000000c5b00000, 0x00000000c5b00000, 0x00000000c5c00000|  0%| F|  |TAMS 0x00000000c5b00000, 0x00000000c5b00000| Untracked 
|  24|0x00000000c5c00000, 0x00000000c5c00000, 0x00000000c5d00000|  0%| F|  |TAMS 0x00000000c5c00000, 0x00000000c5c00000| Untracked 
|  25|0x00000000c5d00000, 0x00000000c5d00000, 0x00000000c5e00000|  0%| F|  |TAMS 0x00000000c5d00000, 0x00000000c5d00000| Untracked 
|  26|0x00000000c5e00000, 0x00000000c5e00000, 0x00000000c5f00000|  0%| F|  |TAMS 0x00000000c5e00000, 0x00000000c5e00000| Untracked 
|  27|0x00000000c5f00000, 0x00000000c5f00000, 0x00000000c6000000|  0%| F|  |TAMS 0x00000000c5f00000, 0x00000000c5f00000| Untracked 
|  28|0x00000000c6000000, 0x00000000c6000000, 0x00000000c6100000|  0%| F|  |TAMS 0x00000000c6000000, 0x00000000c6000000| Untracked 
|  29|0x00000000c6100000, 0x00000000c6100000, 0x00000000c6200000|  0%| F|  |TAMS 0x00000000c6100000, 0x00000000c6100000| Untracked 
|  30|0x00000000c6200000, 0x00000000c6200000, 0x00000000c6300000|  0%| F|  |TAMS 0x00000000c6200000, 0x00000000c6200000| Untracked 
|  31|0x00000000c6300000, 0x00000000c6300000, 0x00000000c6400000|  0%| F|  |TAMS 0x00000000c6300000, 0x00000000c6300000| Untracked 
|  32|0x00000000c6400000, 0x00000000c6400000, 0x00000000c6500000|  0%| F|  |TAMS 0x00000000c6400000, 0x00000000c6400000| Untracked 
|  33|0x00000000c6500000, 0x00000000c6500000, 0x00000000c6600000|  0%| F|  |TAMS 0x00000000c6500000, 0x00000000c6500000| Untracked 
|  34|0x00000000c6600000, 0x00000000c6600000, 0x00000000c6700000|  0%| F|  |TAMS 0x00000000c6600000, 0x00000000c6600000| Untracked 
|  35|0x00000000c6700000, 0x00000000c6700000, 0x00000000c6800000|  0%| F|  |TAMS 0x00000000c6700000, 0x00000000c6700000| Untracked 
|  36|0x00000000c6800000, 0x00000000c6800000, 0x00000000c6900000|  0%| F|  |TAMS 0x00000000c6800000, 0x00000000c6800000| Untracked 
|  37|0x00000000c6900000, 0x00000000c6900000, 0x00000000c6a00000|  0%| F|  |TAMS 0x00000000c6900000, 0x00000000c6900000| Untracked 
|  38|0x00000000c6a00000, 0x00000000c6a00000, 0x00000000c6b00000|  0%| F|  |TAMS 0x00000000c6a00000, 0x00000000c6a00000| Untracked 
|  39|0x00000000c6b00000, 0x00000000c6b00000, 0x00000000c6c00000|  0%| F|  |TAMS 0x00000000c6b00000, 0x00000000c6b00000| Untracked 
|  40|0x00000000c6c00000, 0x00000000c6c00000, 0x00000000c6d00000|  0%| F|  |TAMS 0x00000000c6c00000, 0x00000000c6c00000| Untracked 
|  41|0x00000000c6d00000, 0x00000000c6d00000, 0x00000000c6e00000|  0%| F|  |TAMS 0x00000000c6d00000, 0x00000000c6d00000| Untracked 
|  42|0x00000000c6e00000, 0x00000000c6e00000, 0x00000000c6f00000|  0%| F|  |TAMS 0x00000000c6e00000, 0x00000000c6e00000| Untracked 
|  43|0x00000000c6f00000, 0x00000000c6f00000, 0x00000000c7000000|  0%| F|  |TAMS 0x00000000c6f00000, 0x00000000c6f00000| Untracked 
|  44|0x00000000c7000000, 0x00000000c7000000, 0x00000000c7100000|  0%| F|  |TAMS 0x00000000c7000000, 0x00000000c7000000| Untracked 
|  45|0x00000000c7100000, 0x00000000c7100000, 0x00000000c7200000|  0%| F|  |TAMS 0x00000000c7100000, 0x00000000c7100000| Untracked 
|  46|0x00000000c7200000, 0x00000000c7200000, 0x00000000c7300000|  0%| F|  |TAMS 0x00000000c7200000, 0x00000000c7200000| Untracked 
|  47|0x00000000c7300000, 0x00000000c7300000, 0x00000000c7400000|  0%| F|  |TAMS 0x00000000c7300000, 0x00000000c7300000| Untracked 
|  48|0x00000000c7400000, 0x00000000c7400000, 0x00000000c7500000|  0%| F|  |TAMS 0x00000000c7400000, 0x00000000c7400000| Untracked 
|  49|0x00000000c7500000, 0x00000000c7500000, 0x00000000c7600000|  0%| F|  |TAMS 0x00000000c7500000, 0x00000000c7500000| Untracked 
|  50|0x00000000c7600000, 0x00000000c7600000, 0x00000000c7700000|  0%| F|  |TAMS 0x00000000c7600000, 0x00000000c7600000| Untracked 
|  51|0x00000000c7700000, 0x00000000c7700000, 0x00000000c7800000|  0%| F|  |TAMS 0x00000000c7700000, 0x00000000c7700000| Untracked 
|  52|0x00000000c7800000, 0x00000000c7800000, 0x00000000c7900000|  0%| F|  |TAMS 0x00000000c7800000, 0x00000000c7800000| Untracked 
|  53|0x00000000c7900000, 0x00000000c7900000, 0x00000000c7a00000|  0%| F|  |TAMS 0x00000000c7900000, 0x00000000c7900000| Untracked 
|  54|0x00000000c7a00000, 0x00000000c7a00000, 0x00000000c7b00000|  0%| F|  |TAMS 0x00000000c7a00000, 0x00000000c7a00000| Untracked 
|  55|0x00000000c7b00000, 0x00000000c7b00000, 0x00000000c7c00000|  0%| F|  |TAMS 0x00000000c7b00000, 0x00000000c7b00000| Untracked 
|  56|0x00000000c7c00000, 0x00000000c7c00000, 0x00000000c7d00000|  0%| F|  |TAMS 0x00000000c7c00000, 0x00000000c7c00000| Untracked 
|  57|0x00000000c7d00000, 0x00000000c7d00000, 0x00000000c7e00000|  0%| F|  |TAMS 0x00000000c7d00000, 0x00000000c7d00000| Untracked 
|  58|0x00000000c7e00000, 0x00000000c7e00000, 0x00000000c7f00000|  0%| F|  |TAMS 0x00000000c7e00000, 0x00000000c7e00000| Untracked 
|  59|0x00000000c7f00000, 0x00000000c7f00000, 0x00000000c8000000|  0%| F|  |TAMS 0x00000000c7f00000, 0x00000000c7f00000| Untracked 
|  60|0x00000000c8000000, 0x00000000c8000000, 0x00000000c8100000|  0%| F|  |TAMS 0x00000000c8000000, 0x00000000c8000000| Untracked 
|  61|0x00000000c8100000, 0x00000000c8100000, 0x00000000c8200000|  0%| F|  |TAMS 0x00000000c8100000, 0x00000000c8100000| Untracked 
|  62|0x00000000c8200000, 0x00000000c8200000, 0x00000000c8300000|  0%| F|  |TAMS 0x00000000c8200000, 0x00000000c8200000| Untracked 
|  63|0x00000000c8300000, 0x00000000c833a5e0, 0x00000000c8400000| 22%| S|CS|TAMS 0x00000000c8300000, 0x00000000c8300000| Complete 
|  64|0x00000000c8400000, 0x00000000c8500000, 0x00000000c8500000|100%| S|CS|TAMS 0x00000000c8400000, 0x00000000c8400000| Complete 
|  65|0x00000000c8500000, 0x00000000c8600000, 0x00000000c8600000|100%| S|CS|TAMS 0x00000000c8500000, 0x00000000c8500000| Complete 
|  66|0x00000000c8600000, 0x00000000c8700000, 0x00000000c8700000|100%| S|CS|TAMS 0x00000000c8600000, 0x00000000c8600000| Complete 
|  67|0x00000000c8700000, 0x00000000c8800000, 0x00000000c8800000|100%| S|CS|TAMS 0x00000000c8700000, 0x00000000c8700000| Complete 
|  68|0x00000000c8800000, 0x00000000c8900000, 0x00000000c8900000|100%| S|CS|TAMS 0x00000000c8800000, 0x00000000c8800000| Complete 
|  69|0x00000000c8900000, 0x00000000c8900000, 0x00000000c8a00000|  0%| F|  |TAMS 0x00000000c8900000, 0x00000000c8900000| Untracked 
|  70|0x00000000c8a00000, 0x00000000c8a00000, 0x00000000c8b00000|  0%| F|  |TAMS 0x00000000c8a00000, 0x00000000c8a00000| Untracked 
|  71|0x00000000c8b00000, 0x00000000c8b00000, 0x00000000c8c00000|  0%| F|  |TAMS 0x00000000c8b00000, 0x00000000c8b00000| Untracked 
|  72|0x00000000c8c00000, 0x00000000c8c00800, 0x00000000c8d00000|  0%| E|  |TAMS 0x00000000c8c00000, 0x00000000c8c00000| Complete 
|  73|0x00000000c8d00000, 0x00000000c8e00000, 0x00000000c8e00000|100%| E|CS|TAMS 0x00000000c8d00000, 0x00000000c8d00000| Complete 
|  74|0x00000000c8e00000, 0x00000000c8f00000, 0x00000000c8f00000|100%| E|CS|TAMS 0x00000000c8e00000, 0x00000000c8e00000| Complete 
|  75|0x00000000c8f00000, 0x00000000c9000000, 0x00000000c9000000|100%| E|CS|TAMS 0x00000000c8f00000, 0x00000000c8f00000| Complete 
|  76|0x00000000c9000000, 0x00000000c9100000, 0x00000000c9100000|100%| E|CS|TAMS 0x00000000c9000000, 0x00000000c9000000| Complete 
|  77|0x00000000c9100000, 0x00000000c9200000, 0x00000000c9200000|100%| E|CS|TAMS 0x00000000c9100000, 0x00000000c9100000| Complete 
|  78|0x00000000c9200000, 0x00000000c9300000, 0x00000000c9300000|100%| E|CS|TAMS 0x00000000c9200000, 0x00000000c9200000| Complete 
|  79|0x00000000c9300000, 0x00000000c9400000, 0x00000000c9400000|100%| E|CS|TAMS 0x00000000c9300000, 0x00000000c9300000| Complete 
|  80|0x00000000c9400000, 0x00000000c9500000, 0x00000000c9500000|100%| E|CS|TAMS 0x00000000c9400000, 0x00000000c9400000| Complete 
|  81|0x00000000c9500000, 0x00000000c9600000, 0x00000000c9600000|100%| E|CS|TAMS 0x00000000c9500000, 0x00000000c9500000| Complete 
|  82|0x00000000c9600000, 0x00000000c9700000, 0x00000000c9700000|100%| E|CS|TAMS 0x00000000c9600000, 0x00000000c9600000| Complete 
|  83|0x00000000c9700000, 0x00000000c9800000, 0x00000000c9800000|100%| E|CS|TAMS 0x00000000c9700000, 0x00000000c9700000| Complete 
|  84|0x00000000c9800000, 0x00000000c9900000, 0x00000000c9900000|100%| E|CS|TAMS 0x00000000c9800000, 0x00000000c9800000| Complete 
|  85|0x00000000c9900000, 0x00000000c9a00000, 0x00000000c9a00000|100%| E|CS|TAMS 0x00000000c9900000, 0x00000000c9900000| Complete 
|  86|0x00000000c9a00000, 0x00000000c9b00000, 0x00000000c9b00000|100%| E|  |TAMS 0x00000000c9a00000, 0x00000000c9a00000| Complete 
|  87|0x00000000c9b00000, 0x00000000c9c00000, 0x00000000c9c00000|100%| E|CS|TAMS 0x00000000c9b00000, 0x00000000c9b00000| Complete 
|  88|0x00000000c9c00000, 0x00000000c9d00000, 0x00000000c9d00000|100%| E|CS|TAMS 0x00000000c9c00000, 0x00000000c9c00000| Complete 
|  89|0x00000000c9d00000, 0x00000000c9e00000, 0x00000000c9e00000|100%| E|CS|TAMS 0x00000000c9d00000, 0x00000000c9d00000| Complete 
|  90|0x00000000c9e00000, 0x00000000c9f00000, 0x00000000c9f00000|100%| E|CS|TAMS 0x00000000c9e00000, 0x00000000c9e00000| Complete 
|  91|0x00000000c9f00000, 0x00000000ca000000, 0x00000000ca000000|100%| E|CS|TAMS 0x00000000c9f00000, 0x00000000c9f00000| Complete 
|  92|0x00000000ca000000, 0x00000000ca100000, 0x00000000ca100000|100%| E|CS|TAMS 0x00000000ca000000, 0x00000000ca000000| Complete 
|  93|0x00000000ca100000, 0x00000000ca200000, 0x00000000ca200000|100%| E|CS|TAMS 0x00000000ca100000, 0x00000000ca100000| Complete 
|  94|0x00000000ca200000, 0x00000000ca300000, 0x00000000ca300000|100%| E|CS|TAMS 0x00000000ca200000, 0x00000000ca200000| Complete 
|  95|0x00000000ca300000, 0x00000000ca400000, 0x00000000ca400000|100%| E|CS|TAMS 0x00000000ca300000, 0x00000000ca300000| Complete 
|  96|0x00000000ca400000, 0x00000000ca500000, 0x00000000ca500000|100%| E|CS|TAMS 0x00000000ca400000, 0x00000000ca400000| Complete 
|  97|0x00000000ca500000, 0x00000000ca600000, 0x00000000ca600000|100%| E|CS|TAMS 0x00000000ca500000, 0x00000000ca500000| Complete 
|  98|0x00000000ca600000, 0x00000000ca700000, 0x00000000ca700000|100%| E|CS|TAMS 0x00000000ca600000, 0x00000000ca600000| Complete 
|  99|0x00000000ca700000, 0x00000000ca800000, 0x00000000ca800000|100%| E|CS|TAMS 0x00000000ca700000, 0x00000000ca700000| Complete 
| 100|0x00000000ca800000, 0x00000000ca900000, 0x00000000ca900000|100%| E|CS|TAMS 0x00000000ca800000, 0x00000000ca800000| Complete 
| 101|0x00000000ca900000, 0x00000000caa00000, 0x00000000caa00000|100%| E|CS|TAMS 0x00000000ca900000, 0x00000000ca900000| Complete 
| 102|0x00000000caa00000, 0x00000000cab00000, 0x00000000cab00000|100%| E|CS|TAMS 0x00000000caa00000, 0x00000000caa00000| Complete 
| 103|0x00000000cab00000, 0x00000000cac00000, 0x00000000cac00000|100%| E|CS|TAMS 0x00000000cab00000, 0x00000000cab00000| Complete 
| 104|0x00000000cac00000, 0x00000000cad00000, 0x00000000cad00000|100%| E|CS|TAMS 0x00000000cac00000, 0x00000000cac00000| Complete 
| 105|0x00000000cad00000, 0x00000000cae00000, 0x00000000cae00000|100%| E|CS|TAMS 0x00000000cad00000, 0x00000000cad00000| Complete 
| 106|0x00000000cae00000, 0x00000000caf00000, 0x00000000caf00000|100%| E|CS|TAMS 0x00000000cae00000, 0x00000000cae00000| Complete 
| 107|0x00000000caf00000, 0x00000000cb000000, 0x00000000cb000000|100%| E|CS|TAMS 0x00000000caf00000, 0x00000000caf00000| Complete 
| 108|0x00000000cb000000, 0x00000000cb100000, 0x00000000cb100000|100%| E|CS|TAMS 0x00000000cb000000, 0x00000000cb000000| Complete 
| 109|0x00000000cb100000, 0x00000000cb200000, 0x00000000cb200000|100%| E|CS|TAMS 0x00000000cb100000, 0x00000000cb100000| Complete 
| 110|0x00000000cb200000, 0x00000000cb300000, 0x00000000cb300000|100%| E|CS|TAMS 0x00000000cb200000, 0x00000000cb200000| Complete 
| 111|0x00000000cb300000, 0x00000000cb400000, 0x00000000cb400000|100%| E|CS|TAMS 0x00000000cb300000, 0x00000000cb300000| Complete 
| 112|0x00000000cb400000, 0x00000000cb500000, 0x00000000cb500000|100%| E|CS|TAMS 0x00000000cb400000, 0x00000000cb400000| Complete 
| 113|0x00000000cb500000, 0x00000000cb600000, 0x00000000cb600000|100%| E|CS|TAMS 0x00000000cb500000, 0x00000000cb500000| Complete 
| 114|0x00000000cb600000, 0x00000000cb700000, 0x00000000cb700000|100%| E|CS|TAMS 0x00000000cb600000, 0x00000000cb600000| Complete 
| 115|0x00000000cb700000, 0x00000000cb800000, 0x00000000cb800000|100%| E|CS|TAMS 0x00000000cb700000, 0x00000000cb700000| Complete 
| 116|0x00000000cb800000, 0x00000000cb900000, 0x00000000cb900000|100%| E|CS|TAMS 0x00000000cb800000, 0x00000000cb800000| Complete 
| 117|0x00000000cb900000, 0x00000000cba00000, 0x00000000cba00000|100%| E|CS|TAMS 0x00000000cb900000, 0x00000000cb900000| Complete 
| 118|0x00000000cba00000, 0x00000000cbb00000, 0x00000000cbb00000|100%| E|CS|TAMS 0x00000000cba00000, 0x00000000cba00000| Complete 
| 119|0x00000000cbb00000, 0x00000000cbc00000, 0x00000000cbc00000|100%| E|CS|TAMS 0x00000000cbb00000, 0x00000000cbb00000| Complete 
| 120|0x00000000cbc00000, 0x00000000cbd00000, 0x00000000cbd00000|100%| E|CS|TAMS 0x00000000cbc00000, 0x00000000cbc00000| Complete 
| 121|0x00000000cbd00000, 0x00000000cbe00000, 0x00000000cbe00000|100%| E|CS|TAMS 0x00000000cbd00000, 0x00000000cbd00000| Complete 
| 122|0x00000000cbe00000, 0x00000000cbf00000, 0x00000000cbf00000|100%| E|CS|TAMS 0x00000000cbe00000, 0x00000000cbe00000| Complete 
| 123|0x00000000cbf00000, 0x00000000cc000000, 0x00000000cc000000|100%| E|CS|TAMS 0x00000000cbf00000, 0x00000000cbf00000| Complete 
| 124|0x00000000cc000000, 0x00000000cc100000, 0x00000000cc100000|100%| E|CS|TAMS 0x00000000cc000000, 0x00000000cc000000| Complete 
| 125|0x00000000cc100000, 0x00000000cc200000, 0x00000000cc200000|100%| E|CS|TAMS 0x00000000cc100000, 0x00000000cc100000| Complete 
| 126|0x00000000cc200000, 0x00000000cc300000, 0x00000000cc300000|100%| E|CS|TAMS 0x00000000cc200000, 0x00000000cc200000| Complete 
| 127|0x00000000cc300000, 0x00000000cc400000, 0x00000000cc400000|100%| E|CS|TAMS 0x00000000cc300000, 0x00000000cc300000| Complete 
| 128|0x00000000cc400000, 0x00000000cc500000, 0x00000000cc500000|100%| E|CS|TAMS 0x00000000cc400000, 0x00000000cc400000| Complete 
| 129|0x00000000cc500000, 0x00000000cc600000, 0x00000000cc600000|100%| E|CS|TAMS 0x00000000cc500000, 0x00000000cc500000| Complete 
| 130|0x00000000cc600000, 0x00000000cc700000, 0x00000000cc700000|100%| E|CS|TAMS 0x00000000cc600000, 0x00000000cc600000| Complete 
| 131|0x00000000cc700000, 0x00000000cc800000, 0x00000000cc800000|100%| E|CS|TAMS 0x00000000cc700000, 0x00000000cc700000| Complete 
| 132|0x00000000cc800000, 0x00000000cc900000, 0x00000000cc900000|100%| E|CS|TAMS 0x00000000cc800000, 0x00000000cc800000| Complete 
| 133|0x00000000cc900000, 0x00000000cca00000, 0x00000000cca00000|100%| E|CS|TAMS 0x00000000cc900000, 0x00000000cc900000| Complete 
| 134|0x00000000cca00000, 0x00000000ccb00000, 0x00000000ccb00000|100%| E|CS|TAMS 0x00000000cca00000, 0x00000000cca00000| Complete 
| 954|0x00000000ffe00000, 0x00000000ffe47000, 0x00000000fff00000| 27%|OA|  |TAMS 0x00000000ffe47000, 0x00000000ffe00000| Untracked 
| 955|0x00000000fff00000, 0x00000000fff6a000, 0x0000000100000000| 41%|CA|  |TAMS 0x00000000fff6a000, 0x00000000fff00000| Untracked 

Card table byte_map: [0x00007f45269e1000,0x00007f4526bbf000] _byte_map_base: 0x00007f45263bf000

Marking Bits (Prev, Next): (CMBitMap*) 0x00007f4540047c98, (CMBitMap*) 0x00007f4540047cd0
 Prev Bits: [0x00007f4525913000, 0x00007f4526803000)
 Next Bits: [0x00007f4524a23000, 0x00007f4525913000)

Polling page: 0x00007f45472b3000

Metaspace:

Usage:
  Non-class:     40,67 MB capacity,    39,54 MB ( 97%) used,   938,19 KB (  2%) free+waste,   219,19 KB ( <1%) overhead. 
      Class:      6,89 MB capacity,     6,15 MB ( 89%) used,   650,89 KB (  9%) free+waste,   108,50 KB (  2%) overhead. 
       Both:     47,57 MB capacity,    45,70 MB ( 96%) used,     1,55 MB (  3%) free+waste,   327,69 KB ( <1%) overhead. 

Virtual space:
  Non-class space:       42,00 MB reserved,      40,75 MB ( 97%) committed 
      Class space:        1,00 GB reserved,       7,00 MB ( <1%) committed 
             Both:        1,04 GB reserved,      47,75 MB (  4%) committed 

Chunk freelists:
   Non-Class:  59,00 KB
       Class:  12,00 KB
        Both:  71,00 KB

MaxMetaspaceSize: unlimited
CompressedClassSpaceSize: 1,00 GB

CodeHeap 'non-profiled nmethods': size=238384Kb used=11548Kb max_used=11548Kb free=226835Kb
 bounds [0x00007f4527fad000, 0x00007f4528afd000, 0x00007f4536879000]
CodeHeap 'non-nmethods': size=7376Kb used=1289Kb max_used=1289Kb free=6086Kb
 bounds [0x00007f4527879000, 0x00007f4527ae9000, 0x00007f4527fad000]
 total_blobs=6946 nmethods=6319 adapters=514
 compilation: enabled
              stopped_count=0, restarted_count=0
 full_count=0

Compilation events (20 events):
Event: 231,214 Thread 0x00007f4540143800 6341       1       org.bson.ByteBufNIO::array (8 bytes)
Event: 231,215 Thread 0x00007f4540143800 nmethod 6341 0x00007f4528af1610 code [0x00007f4528af1800, 0x00007f4528af1a98]
Event: 231,215 Thread 0x00007f4540143800 6342       1       com.mongodb.internal.connection.CommandMessage::getId (5 bytes)
Event: 231,215 Thread 0x00007f4540143800 nmethod 6342 0x00007f4528af1c10 code [0x00007f4528af1dc0, 0x00007f4528af1ef0]
Event: 231,215 Thread 0x00007f4540143800 6343       1       com.mongodb.internal.connection.PowerOfTwoBufferPool$PooledByteBufNIO::release (25 bytes)
Event: 231,216 Thread 0x00007f4540143800 nmethod 6343 0x00007f4528af1f90 code [0x00007f4528af2160, 0x00007f4528af2318]
Event: 231,736 Thread 0x00007f4540143800 6344       1       org.bson.BsonDocument::getBsonType (4 bytes)
Event: 231,736 Thread 0x00007f4540143800 nmethod 6344 0x00007f4528af2490 code [0x00007f4528af2640, 0x00007f4528af2770]
Event: 233,284 Thread 0x00007f4540143800 6345       1       org.apache.tomcat.util.net.NioEndpoint$NioSocketWrapper::getLastRead (5 bytes)
Event: 233,285 Thread 0x00007f4540143800 nmethod 6345 0x00007f4528af2810 code [0x00007f4528af29c0, 0x00007f4528af2af0]
Event: 233,285 Thread 0x00007f4540143800 6346       1       org.apache.tomcat.util.net.SocketWrapperBase::getReadTimeout (5 bytes)
Event: 233,285 Thread 0x00007f4540143800 nmethod 6346 0x00007f4528af2b90 code [0x00007f4528af2d40, 0x00007f4528af2e70]
Event: 239,292 Thread 0x00007f4540143800 6347       1       org.apache.tomcat.util.net.NioBlockingSelector$BlockPoller::events (54 bytes)
Event: 239,293 Thread 0x00007f4540143800 nmethod 6347 0x00007f4528af2f10 code [0x00007f4528af30e0, 0x00007f4528af3538]
Event: 241,470 Thread 0x00007f4540143800 6348       1       org.bson.BsonValue::asTimestamp (12 bytes)
Event: 241,470 Thread 0x00007f4540143800 nmethod 6348 0x00007f4528af3710 code [0x00007f4528af38c0, 0x00007f4528af3a68]
Event: 241,471 Thread 0x00007f4540143800 6349       1       org.bson.BsonTimestamp::getBsonType (4 bytes)
Event: 241,471 Thread 0x00007f4540143800 nmethod 6349 0x00007f4528af3b10 code [0x00007f4528af3cc0, 0x00007f4528af3df0]
Event: 243,582 Thread 0x00007f4540143800 6350       1       java.util.HashMap$Values::size (8 bytes)
Event: 243,582 Thread 0x00007f4540143800 nmethod 6350 0x00007f4528af3e90 code [0x00007f4528af4040, 0x00007f4528af4170]

GC Heap History (20 events):
Event: 1,759 GC heap before
{Heap before GC invocations=6 (full 0):
 garbage-first heap   total 76800K, used 47225K [0x00000000c4400000, 0x0000000100000000)
  region size 1024K, 39 young (39936K), 4 survivors (4096K)
 Metaspace       used 17797K, capacity 18568K, committed 18816K, reserved 1064960K
  class space    used 2301K, capacity 2584K, committed 2688K, reserved 1048576K
}
Event: 1,764 GC heap after
{Heap after GC invocations=7 (full 0):
 garbage-first heap   total 76800K, used 11485K [0x00000000c4400000, 0x0000000100000000)
  region size 1024K, 2 young (2048K), 2 survivors (2048K)
 Metaspace       used 17797K, capacity 18568K, committed 18816K, reserved 1064960K
  class space    used 2301K, capacity 2584K, committed 2688K, reserved 1048576K
}
Event: 1,904 GC heap before
{Heap before GC invocations=7 (full 0):
 garbage-first heap   total 76800K, used 51421K [0x00000000c4400000, 0x0000000100000000)
  region size 1024K, 41 young (41984K), 2 survivors (2048K)
 Metaspace       used 17950K, capacity 18758K, committed 19072K, reserved 1064960K
  class space    used 2325K, capacity 2622K, committed 2688K, reserved 1048576K
}
Event: 1,906 GC heap after
{Heap after GC invocations=8 (full 0):
 garbage-first heap   total 76800K, used 11942K [0x00000000c4400000, 0x0000000100000000)
  region size 1024K, 3 young (3072K), 3 survivors (3072K)
 Metaspace       used 17950K, capacity 18758K, committed 19072K, reserved 1064960K
  class space    used 2325K, capacity 2622K, committed 2688K, reserved 1048576K
}
Event: 2,125 GC heap before
{Heap before GC invocations=8 (full 0):
 garbage-first heap   total 76800K, used 52902K [0x00000000c4400000, 0x0000000100000000)
  region size 1024K, 43 young (44032K), 3 survivors (3072K)
 Metaspace       used 18847K, capacity 19683K, committed 19968K, reserved 1067008K
  class space    used 2464K, capacity 2780K, committed 2816K, reserved 1048576K
}
Event: 2,129 GC heap after
{Heap after GC invocations=9 (full 0):
 garbage-first heap   total 76800K, used 12509K [0x00000000c4400000, 0x0000000100000000)
  region size 1024K, 3 young (3072K), 3 survivors (3072K)
 Metaspace       used 18847K, capacity 19683K, committed 19968K, reserved 1067008K
  class space    used 2464K, capacity 2780K, committed 2816K, reserved 1048576K
}
Event: 2,343 GC heap before
{Heap before GC invocations=9 (full 0):
 garbage-first heap   total 76800K, used 45277K [0x00000000c4400000, 0x0000000100000000)
  region size 1024K, 36 young (36864K), 3 survivors (3072K)
 Metaspace       used 20303K, capacity 21112K, committed 21248K, reserved 1067008K
  class space    used 2685K, capacity 2996K, committed 3072K, reserved 1048576K
}
Event: 2,351 GC heap after
{Heap after GC invocations=10 (full 0):
 garbage-first heap   total 76800K, used 13301K [0x00000000c4400000, 0x0000000100000000)
  region size 1024K, 4 young (4096K), 4 survivors (4096K)
 Metaspace       used 20303K, capacity 21112K, committed 21248K, reserved 1067008K
  class space    used 2685K, capacity 2996K, committed 3072K, reserved 1048576K
}
Event: 2,763 GC heap before
{Heap before GC invocations=11 (full 0):
 garbage-first heap   total 76800K, used 53237K [0x00000000c4400000, 0x0000000100000000)
  region size 1024K, 43 young (44032K), 4 survivors (4096K)
 Metaspace       used 23182K, capacity 24109K, committed 24448K, reserved 1071104K
  class space    used 3054K, capacity 3426K, committed 3456K, reserved 1048576K
}
Event: 2,776 GC heap after
{Heap after GC invocations=12 (full 0):
 garbage-first heap   total 92160K, used 14631K [0x00000000c4400000, 0x0000000100000000)
  region size 1024K, 5 young (5120K), 5 survivors (5120K)
 Metaspace       used 23182K, capacity 24109K, committed 24448K, reserved 1071104K
  class space    used 3054K, capacity 3426K, committed 3456K, reserved 1048576K
}
Event: 3,089 GC heap before
{Heap before GC invocations=12 (full 0):
 garbage-first heap   total 92160K, used 60711K [0x00000000c4400000, 0x0000000100000000)
  region size 1024K, 51 young (52224K), 5 survivors (5120K)
 Metaspace       used 26435K, capacity 27564K, committed 27776K, reserved 1073152K
  class space    used 3464K, capacity 3875K, committed 3968K, reserved 1048576K
}
Event: 3,098 GC heap after
{Heap after GC invocations=13 (full 0):
 garbage-first heap   total 92160K, used 16241K [0x00000000c4400000, 0x0000000100000000)
  region size 1024K, 6 young (6144K), 6 survivors (6144K)
 Metaspace       used 26435K, capacity 27564K, committed 27776K, reserved 1073152K
  class space    used 3464K, capacity 3875K, committed 3968K, reserved 1048576K
}
Event: 3,531 GC heap before
{Heap before GC invocations=13 (full 0):
 garbage-first heap   total 92160K, used 64369K [0x00000000c4400000, 0x0000000100000000)
  region size 1024K, 54 young (55296K), 6 survivors (6144K)
 Metaspace       used 30804K, capacity 32153K, committed 32384K, reserved 1077248K
  class space    used 4138K, capacity 4691K, committed 4736K, reserved 1048576K
}
Event: 3,541 GC heap after
{Heap after GC invocations=14 (full 0):
 garbage-first heap   total 92160K, used 18514K [0x00000000c4400000, 0x0000000100000000)
  region size 1024K, 6 young (6144K), 6 survivors (6144K)
 Metaspace       used 30804K, capacity 32153K, committed 32384K, reserved 1077248K
  class space    used 4138K, capacity 4691K, committed 4736K, reserved 1048576K
}
Event: 3,797 GC heap before
{Heap before GC invocations=14 (full 0):
 garbage-first heap   total 92160K, used 54354K [0x00000000c4400000, 0x0000000100000000)
  region size 1024K, 42 young (43008K), 6 survivors (6144K)
 Metaspace       used 34108K, capacity 35670K, committed 35840K, reserved 1079296K
  class space    used 4611K, capacity 5261K, committed 5376K, reserved 1048576K
}
Event: 3,817 GC heap after
{Heap after GC invocations=15 (full 0):
 garbage-first heap   total 92160K, used 21072K [0x00000000c4400000, 0x0000000100000000)
  region size 1024K, 5 young (5120K), 5 survivors (5120K)
 Metaspace       used 34108K, capacity 35670K, committed 35840K, reserved 1079296K
  class space    used 4611K, capacity 5261K, committed 5376K, reserved 1048576K
}
Event: 4,768 GC heap before
{Heap before GC invocations=16 (full 0):
 garbage-first heap   total 92160K, used 68176K [0x00000000c4400000, 0x0000000100000000)
  region size 1024K, 52 young (53248K), 5 survivors (5120K)
 Metaspace       used 38070K, capacity 39719K, committed 39936K, reserved 1083392K
  class space    used 5147K, capacity 5816K, committed 5888K, reserved 1048576K
}
Event: 4,774 GC heap after
{Heap after GC invocations=17 (full 0):
 garbage-first heap   total 140288K, used 23751K [0x00000000c4400000, 0x0000000100000000)
  region size 1024K, 6 young (6144K), 6 survivors (6144K)
 Metaspace       used 38070K, capacity 39719K, committed 39936K, reserved 1083392K
  class space    used 5147K, capacity 5816K, committed 5888K, reserved 1048576K
}
Event: 5,901 GC heap before
{Heap before GC invocations=17 (full 0):
 garbage-first heap   total 140288K, used 91335K [0x00000000c4400000, 0x0000000100000000)
  region size 1024K, 72 young (73728K), 6 survivors (6144K)
 Metaspace       used 42184K, capacity 43968K, committed 44160K, reserved 1087488K
  class space    used 5738K, capacity 6460K, committed 6528K, reserved 1048576K
}
Event: 5,907 GC heap after
{Heap after GC invocations=18 (full 0):
 garbage-first heap   total 140288K, used 26418K [0x00000000c4400000, 0x0000000100000000)
  region size 1024K, 6 young (6144K), 6 survivors (6144K)
 Metaspace       used 42184K, capacity 43968K, committed 44160K, reserved 1087488K
  class space    used 5738K, capacity 6460K, committed 6528K, reserved 1048576K
}

Deoptimization events (20 events):
Event: 96,444 Thread 0x00007f45406d0000 DEOPT PACKING pc=0x00007f45284452b4 sp=0x00007f4487dfa860
Event: 96,445 Thread 0x00007f45406d0000 DEOPT UNPACKING pc=0x00007f45278b203a sp=0x00007f4487df9df8 mode 0
Event: 96,445 Thread 0x00007f45406d0000 DEOPT PACKING pc=0x00007f452841ec3c sp=0x00007f4487dfa990
Event: 96,445 Thread 0x00007f45406d0000 DEOPT UNPACKING pc=0x00007f45278b203a sp=0x00007f4487df9e50 mode 0
Event: 96,445 Thread 0x00007f45406d0000 DEOPT PACKING pc=0x00007f452841f124 sp=0x00007f4487dfa9e0
Event: 96,445 Thread 0x00007f45406d0000 DEOPT UNPACKING pc=0x00007f45278b203a sp=0x00007f4487df9ef0 mode 0
Event: 156,987 Thread 0x00007f454067d800 DEOPT PACKING pc=0x00007f452820dfa4 sp=0x00007f4487bf5740
Event: 156,987 Thread 0x00007f454067d800 DEOPT UNPACKING pc=0x00007f45278b203a sp=0x00007f4487bf4bf8 mode 1
Event: 156,987 Thread 0x00007f454067d800 DEOPT PACKING pc=0x00007f452820813c sp=0x00007f4487bf5810
Event: 156,987 Thread 0x00007f454067d800 DEOPT UNPACKING pc=0x00007f45278b203a sp=0x00007f4487bf4ce8 mode 1
Event: 156,987 Thread 0x00007f454067d800 DEOPT PACKING pc=0x00007f4528229674 sp=0x00007f4487bf6000
Event: 156,987 Thread 0x00007f454067d800 DEOPT UNPACKING pc=0x00007f45278b203a sp=0x00007f4487bf54f8 mode 1
Event: 156,987 Thread 0x00007f454067d800 DEOPT PACKING pc=0x00007f452838d324 sp=0x00007f4487bf60a0
Event: 156,987 Thread 0x00007f454067d800 DEOPT UNPACKING pc=0x00007f45278b203a sp=0x00007f4487bf5658 mode 1
Event: 156,988 Thread 0x00007f454067d800 DEOPT PACKING pc=0x00007f452820dfa4 sp=0x00007f4487bf57f0
Event: 156,988 Thread 0x00007f454067d800 DEOPT UNPACKING pc=0x00007f45278b203a sp=0x00007f4487bf4ca8 mode 1
Event: 156,988 Thread 0x00007f454067d800 DEOPT PACKING pc=0x00007f452820813c sp=0x00007f4487bf58c0
Event: 156,988 Thread 0x00007f454067d800 DEOPT UNPACKING pc=0x00007f45278b203a sp=0x00007f4487bf4d98 mode 1
Event: 156,988 Thread 0x00007f454067d800 DEOPT PACKING pc=0x00007f4528229674 sp=0x00007f4487bf60b0
Event: 156,988 Thread 0x00007f454067d800 DEOPT UNPACKING pc=0x00007f45278b203a sp=0x00007f4487bf55c0 mode 1

Classes redefined (1 events):
Event: 243,308 Thread 0x00007f4540136000 redefined class name=com.tanky.MrVan.API.SecreteKeyAPI, count=1

Internal exceptions (20 events):
Event: 4,279 Thread 0x00007f4540018800 Exception <a 'java/lang/ClassNotFoundException'{0x00000000c8e557a8}: org/springframework/beans/factory/InitializingBeanCustomizer> (0x00000000c8e557a8) thrown at [/build/openjdk-lts-iuKaMP/openjdk-lts-11.0.6+10/src/hotspot/share/classfile/systemDictionary
Event: 4,482 Thread 0x00007f4540018800 Exception <a 'java/lang/ClassNotFoundException'{0x00000000c8037010}: java/lang/ObjectCustomizer> (0x00000000c8037010) thrown at [/build/openjdk-lts-iuKaMP/openjdk-lts-11.0.6+10/src/hotspot/share/classfile/systemDictionary.cpp, line 231]
Event: 4,482 Thread 0x00007f4540018800 Exception <a 'java/lang/ClassNotFoundException'{0x00000000c80487b0}: org/springframework/web/servlet/config/annotation/WebMvcConfigurationSupportCustomizer> (0x00000000c80487b0) thrown at [/build/openjdk-lts-iuKaMP/openjdk-lts-11.0.6+10/src/hotspot/share/
Event: 4,483 Thread 0x00007f4540018800 Exception <a 'java/lang/ClassNotFoundException'{0x00000000c8064d98}: org/springframework/web/servlet/config/annotation/DelegatingWebMvcConfigurationCustomizer> (0x00000000c8064d98) thrown at [/build/openjdk-lts-iuKaMP/openjdk-lts-11.0.6+10/src/hotspot/sha
Event: 4,484 Thread 0x00007f4540018800 Exception <a 'java/lang/ClassNotFoundException'{0x00000000c8079920}: org/springframework/boot/autoconfigure/web/servlet/WebMvcAutoConfiguration$EnableWebMvcConfigurationCustomizer> (0x00000000c8079920) thrown at [/build/openjdk-lts-iuKaMP/openjdk-lts-11.0
Event: 4,486 Thread 0x00007f4540018800 Exception <a 'java/lang/ClassNotFoundException'{0x00000000c8092310}: org/springframework/context/ResourceLoaderAwareCustomizer> (0x00000000c8092310) thrown at [/build/openjdk-lts-iuKaMP/openjdk-lts-11.0.6+10/src/hotspot/share/classfile/systemDictionary.cp
Event: 4,487 Thread 0x00007f4540018800 Exception <a 'java/lang/ClassNotFoundException'{0x00000000c809da58}: org/springframework/beans/factory/AwareCustomizer> (0x00000000c809da58) thrown at [/build/openjdk-lts-iuKaMP/openjdk-lts-11.0.6+10/src/hotspot/share/classfile/systemDictionary.cpp, line 
Event: 4,488 Thread 0x00007f4540018800 Exception <a 'java/lang/ClassNotFoundException'{0x00000000c80a9b90}: org/springframework/context/ApplicationContextAwareCustomizer> (0x00000000c80a9b90) thrown at [/build/openjdk-lts-iuKaMP/openjdk-lts-11.0.6+10/src/hotspot/share/classfile/systemDictionar
Event: 4,489 Thread 0x00007f4540018800 Exception <a 'java/lang/ClassNotFoundException'{0x00000000c80b5830}: org/springframework/beans/factory/AwareCustomizer> (0x00000000c80b5830) thrown at [/build/openjdk-lts-iuKaMP/openjdk-lts-11.0.6+10/src/hotspot/share/classfile/systemDictionary.cpp, line 
Event: 4,490 Thread 0x00007f4540018800 Exception <a 'java/lang/ClassNotFoundException'{0x00000000c80c1980}: org/springframework/web/context/ServletContextAwareCustomizer> (0x00000000c80c1980) thrown at [/build/openjdk-lts-iuKaMP/openjdk-lts-11.0.6+10/src/hotspot/share/classfile/systemDictionar
Event: 4,490 Thread 0x00007f4540018800 Exception <a 'java/lang/ClassNotFoundException'{0x00000000c80cd530}: org/springframework/beans/factory/AwareCustomizer> (0x00000000c80cd530) thrown at [/build/openjdk-lts-iuKaMP/openjdk-lts-11.0.6+10/src/hotspot/share/classfile/systemDictionary.cpp, line 
Event: 4,504 Thread 0x00007f4540018800 Exception <a 'java/lang/NoSuchMethodError'{0x00000000c7f924c8}: 'void java.lang.invoke.DirectMethodHandle$Holder.invokeVirtual(java.lang.Object, java.lang.Object, java.lang.Object, java.lang.Object)'> (0x00000000c7f924c8) thrown at [/build/openjdk-lts-iuK
Event: 4,717 Thread 0x00007f4540018800 Exception <a 'java/lang/NoSuchMethodError'{0x00000000c6b1f560}: 'java.lang.Object java.lang.invoke.DirectMethodHandle$Holder.invokeSpecial(java.lang.Object, java.lang.Object, java.lang.Object, java.lang.Object, java.lang.Object, java.lang.Object, java.lan
Event: 4,717 Thread 0x00007f4540018800 Exception <a 'java/lang/NoSuchMethodError'{0x00000000c6b23f28}: 'java.lang.Object java.lang.invoke.Invokers$Holder.linkToTargetMethod(java.lang.Object, java.lang.Object, java.lang.Object, java.lang.Object, java.lang.Object, java.lang.Object, java.lang.Obj
Event: 5,196 Thread 0x00007f4540018800 Exception <a 'java/lang/NoSuchMethodError'{0x00000000cad0e9d8}: 'java.lang.Object java.lang.invoke.DirectMethodHandle$Holder.invokeInterface(java.lang.Object, java.lang.Object, java.lang.Object)'> (0x00000000cad0e9d8) thrown at [/build/openjdk-lts-iuKaMP/
Event: 5,196 Thread 0x00007f4540018800 Exception <a 'java/lang/IncompatibleClassChangeError'{0x00000000cad11960}: Found class java.lang.Object, but interface was expected> (0x00000000cad11960) thrown at [/build/openjdk-lts-iuKaMP/openjdk-lts-11.0.6+10/src/hotspot/share/interpreter/linkResolver
Event: 15,926 Thread 0x00007f45406cc800 Exception <a 'java/lang/NoSuchMethodError'{0x00000000ca6b7148}: 'void java.lang.invoke.Invokers$Holder.invoke_MT(java.lang.Object, java.lang.Object, java.lang.Object, java.lang.Object)'> (0x00000000ca6b7148) thrown at [/build/openjdk-lts-iuKaMP/openjdk-lt
Event: 41,941 Thread 0x00007f45406ce800 Exception <a 'java/lang/NoSuchMethodError'{0x00000000c970c650}: 'java.lang.Object java.lang.invoke.Invokers$Holder.invoke_MT(java.lang.Object, java.lang.Object, java.lang.Object)'> (0x00000000c970c650) thrown at [/build/openjdk-lts-iuKaMP/openjdk-lts-11.0
Event: 57,929 Thread 0x00007f45406d0000 Exception <a 'java/lang/NoSuchMethodError'{0x00000000c91df4a8}: 'java.lang.Object java.lang.invoke.DirectMethodHandle$Holder.invokeInterface(java.lang.Object, java.lang.Object, int)'> (0x00000000c91df4a8) thrown at [/build/openjdk-lts-iuKaMP/openjdk-lts-1
Event: 157,939 Thread 0x00007f454067d800 Exception <a 'java/lang/NoSuchMethodError'{0x00000000c8fa1c00}: 'void java.lang.invoke.DelegatingMethodHandle$Holder.reinvoke_L(java.lang.Object, java.lang.Object, int)'> (0x00000000c8fa1c00) thrown at [/build/openjdk-lts-iuKaMP/openjdk-lts-11.0.6+10/src/

Events (20 events):
Event: 211,235 Executing VM operation: GetFrameLocation
Event: 211,235 Executing VM operation: GetFrameLocation done
Event: 211,235 Executing VM operation: GetOrSetLocal
Event: 211,235 Executing VM operation: GetOrSetLocal done
Event: 211,236 Executing VM operation: GetFrameLocation
Event: 211,236 Executing VM operation: GetFrameLocation done
Event: 211,236 Executing VM operation: GetOrSetLocal
Event: 211,236 Executing VM operation: GetOrSetLocal done
Event: 211,236 Executing VM operation: GetFrameLocation
Event: 211,236 Executing VM operation: GetFrameLocation done
Event: 211,236 Executing VM operation: GetOrSetLocal
Event: 211,236 Executing VM operation: GetOrSetLocal done
Event: 242,906 Executing VM operation: RedefineClasses
Event: 243,579 Executing VM operation: RedefineClasses done
Event: 243,603 Executing VM operation: ChangeBreakpoints
Event: 243,607 Executing VM operation: ChangeBreakpoints done
Event: 243,638 Executing VM operation: ChangeBreakpoints
Event: 243,640 Executing VM operation: ChangeBreakpoints done
Event: 243,867 Thread 0x00007f44e8001800 Thread exited: 0x00007f44e8001800
Event: 243,871 loading class sun/rmi/transport/tcp/TCPTransport$ConnectionHandler


Dynamic libraries:
c4400000-ccb00000 rw-p 00000000 00:00 0 
ccb00000-ffe00000 ---p 00000000 00:00 0 
ffe00000-ffe47000 rw-p 01105000 08:06 6043766                            /usr/lib/jvm/java-11-openjdk-amd64/lib/server/classes.jsa
ffe47000-fff00000 rw-p 00000000 00:00 0 
fff00000-fff6a000 rw-p 0109b000 08:06 6043766                            /usr/lib/jvm/java-11-openjdk-amd64/lib/server/classes.jsa
fff6a000-100000000 rw-p 00000000 00:00 0 
800000000-800002000 rwxp 00001000 08:06 6043766                          /usr/lib/jvm/java-11-openjdk-amd64/lib/server/classes.jsa
800002000-80109a000 rw-p 00003000 08:06 6043766                          /usr/lib/jvm/java-11-openjdk-amd64/lib/server/classes.jsa
840000000-840700000 rw-p 00000000 00:00 0 
840700000-880000000 ---p 00000000 00:00 0 
5568731a9000-5568731aa000 r-xp 00000000 08:06 6043262                    /usr/lib/jvm/java-11-openjdk-amd64/bin/java
5568733aa000-5568733ab000 r--p 00001000 08:06 6043262                    /usr/lib/jvm/java-11-openjdk-amd64/bin/java
5568733ab000-5568733ac000 rw-p 00002000 08:06 6043262                    /usr/lib/jvm/java-11-openjdk-amd64/bin/java
556874478000-556874499000 rw-p 00000000 00:00 0                          [heap]
7f4458000000-7f4458021000 rw-p 00000000 00:00 0 
7f4458021000-7f445c000000 ---p 00000000 00:00 0 
7f445c000000-7f445c021000 rw-p 00000000 00:00 0 
7f445c021000-7f4460000000 ---p 00000000 00:00 0 
7f4460000000-7f4460021000 rw-p 00000000 00:00 0 
7f4460021000-7f4464000000 ---p 00000000 00:00 0 
7f4464000000-7f4464021000 rw-p 00000000 00:00 0 
7f4464021000-7f4468000000 ---p 00000000 00:00 0 
7f4468000000-7f4468021000 rw-p 00000000 00:00 0 
7f4468021000-7f446c000000 ---p 00000000 00:00 0 
7f446c000000-7f446c021000 rw-p 00000000 00:00 0 
7f446c021000-7f4470000000 ---p 00000000 00:00 0 
7f4470000000-7f4470021000 rw-p 00000000 00:00 0 
7f4470021000-7f4474000000 ---p 00000000 00:00 0 
7f4474000000-7f4474021000 rw-p 00000000 00:00 0 
7f4474021000-7f4478000000 ---p 00000000 00:00 0 
7f4478000000-7f447804f000 rw-p 00000000 00:00 0 
7f447804f000-7f447c000000 ---p 00000000 00:00 0 
7f447c000000-7f447c050000 rw-p 00000000 00:00 0 
7f447c050000-7f4480000000 ---p 00000000 00:00 0 
7f4480000000-7f4480106000 rw-p 00000000 00:00 0 
7f4480106000-7f4484000000 ---p 00000000 00:00 0 
7f4486ef5000-7f4486fb5000 rw-p 00000000 00:00 0 
7f4486fb5000-7f44870f5000 ---p 00000000 00:00 0 
7f44870f5000-7f44872f5000 rw-p 00000000 00:00 0 
7f44872f5000-7f44874f5000 rw-p 00000000 00:00 0 
7f44874f5000-7f44874f9000 ---p 00000000 00:00 0 
7f44874f9000-7f44875f6000 rw-p 00000000 00:00 0 
7f44875f6000-7f44875fa000 ---p 00000000 00:00 0 
7f44875fa000-7f44876f7000 rw-p 00000000 00:00 0 
7f44876f7000-7f44876fb000 ---p 00000000 00:00 0 
7f44876fb000-7f44877f8000 rw-p 00000000 00:00 0 
7f44877f8000-7f44877fc000 ---p 00000000 00:00 0 
7f44877fc000-7f44878f9000 rw-p 00000000 00:00 0 
7f44878f9000-7f44878fd000 ---p 00000000 00:00 0 
7f44878fd000-7f44879fa000 rw-p 00000000 00:00 0 
7f44879fa000-7f44879fe000 ---p 00000000 00:00 0 
7f44879fe000-7f4487afb000 rw-p 00000000 00:00 0 
7f4487afb000-7f4487aff000 ---p 00000000 00:00 0 
7f4487aff000-7f4487bfc000 rw-p 00000000 00:00 0 
7f4487bfc000-7f4487c00000 ---p 00000000 00:00 0 
7f4487c00000-7f4487cfd000 rw-p 00000000 00:00 0 
7f4487cfd000-7f4487d01000 ---p 00000000 00:00 0 
7f4487d01000-7f4487dfe000 rw-p 00000000 00:00 0 
7f4487dfe000-7f4487e02000 ---p 00000000 00:00 0 
7f4487e02000-7f4487eff000 rw-p 00000000 00:00 0 
7f4487eff000-7f4487f03000 ---p 00000000 00:00 0 
7f4487f03000-7f4488000000 rw-p 00000000 00:00 0 
7f4488000000-7f4488021000 rw-p 00000000 00:00 0 
7f4488021000-7f448c000000 ---p 00000000 00:00 0 
7f448c000000-7f448c021000 rw-p 00000000 00:00 0 
7f448c021000-7f4490000000 ---p 00000000 00:00 0 
7f4490000000-7f4490021000 rw-p 00000000 00:00 0 
7f4490021000-7f4494000000 ---p 00000000 00:00 0 
7f4494000000-7f4494021000 rw-p 00000000 00:00 0 
7f4494021000-7f4498000000 ---p 00000000 00:00 0 
7f4498000000-7f4498021000 rw-p 00000000 00:00 0 
7f4498021000-7f449c000000 ---p 00000000 00:00 0 
7f449c000000-7f449c021000 rw-p 00000000 00:00 0 
7f449c021000-7f44a0000000 ---p 00000000 00:00 0 
7f44a0000000-7f44a006a000 rw-p 00000000 00:00 0 
7f44a006a000-7f44a4000000 ---p 00000000 00:00 0 
7f44a4000000-7f44a403e000 rw-p 00000000 00:00 0 
7f44a403e000-7f44a8000000 ---p 00000000 00:00 0 
7f44a8000000-7f44a8038000 rw-p 00000000 00:00 0 
7f44a8038000-7f44ac000000 ---p 00000000 00:00 0 
7f44ac000000-7f44ac05d000 rw-p 00000000 00:00 0 
7f44ac05d000-7f44b0000000 ---p 00000000 00:00 0 
7f44b0000000-7f44b0021000 rw-p 00000000 00:00 0 
7f44b0021000-7f44b4000000 ---p 00000000 00:00 0 
7f44b4000000-7f44b4021000 rw-p 00000000 00:00 0 
7f44b4021000-7f44b8000000 ---p 00000000 00:00 0 
7f44b8000000-7f44b8021000 rw-p 00000000 00:00 0 
7f44b8021000-7f44bc000000 ---p 00000000 00:00 0 
7f44bc000000-7f44bc021000 rw-p 00000000 00:00 0 
7f44bc021000-7f44c0000000 ---p 00000000 00:00 0 
7f44c0000000-7f44c0219000 rw-p 00000000 00:00 0 
7f44c0219000-7f44c4000000 ---p 00000000 00:00 0 
7f44c4000000-7f44c4021000 rw-p 00000000 00:00 0 
7f44c4021000-7f44c8000000 ---p 00000000 00:00 0 
7f44c8000000-7f44c8021000 rw-p 00000000 00:00 0 
7f44c8021000-7f44cc000000 ---p 00000000 00:00 0 
7f44cc000000-7f44cc021000 rw-p 00000000 00:00 0 
7f44cc021000-7f44d0000000 ---p 00000000 00:00 0 
7f44d0000000-7f44d0021000 rw-p 00000000 00:00 0 
7f44d0021000-7f44d4000000 ---p 00000000 00:00 0 
7f44d4000000-7f44d4021000 rw-p 00000000 00:00 0 
7f44d4021000-7f44d8000000 ---p 00000000 00:00 0 
7f44d8000000-7f44d8021000 rw-p 00000000 00:00 0 
7f44d8021000-7f44dc000000 ---p 00000000 00:00 0 
7f44dc080000-7f44dc084000 ---p 00000000 00:00 0 
7f44dc084000-7f44dc181000 rw-p 00000000 00:00 0 
7f44dc181000-7f44dc185000 ---p 00000000 00:00 0 
7f44dc185000-7f44dc482000 rw-p 00000000 00:00 0 
7f44dc482000-7f44dc682000 rw-p 00000000 00:00 0 
7f44dc682000-7f44dc882000 rw-p 00000000 00:00 0 
7f44dc882000-7f44dca82000 rw-p 00000000 00:00 0 
7f44dca82000-7f44dca99000 r-xp 00000000 08:06 9460781                    /lib/x86_64-linux-gnu/libresolv-2.27.so
7f44dca99000-7f44dcc99000 ---p 00017000 08:06 9460781                    /lib/x86_64-linux-gnu/libresolv-2.27.so
7f44dcc99000-7f44dcc9a000 r--p 00017000 08:06 9460781                    /lib/x86_64-linux-gnu/libresolv-2.27.so
7f44dcc9a000-7f44dcc9b000 rw-p 00018000 08:06 9460781                    /lib/x86_64-linux-gnu/libresolv-2.27.so
7f44dcc9b000-7f44dcc9d000 rw-p 00000000 00:00 0 
7f44dcc9d000-7f44dcca2000 r-xp 00000000 08:06 9460730                    /lib/x86_64-linux-gnu/libnss_dns-2.27.so
7f44dcca2000-7f44dcea2000 ---p 00005000 08:06 9460730                    /lib/x86_64-linux-gnu/libnss_dns-2.27.so
7f44dcea2000-7f44dcea3000 r--p 00005000 08:06 9460730                    /lib/x86_64-linux-gnu/libnss_dns-2.27.so
7f44dcea3000-7f44dcea4000 rw-p 00006000 08:06 9460730                    /lib/x86_64-linux-gnu/libnss_dns-2.27.so
7f44dcea4000-7f44dcea6000 r-xp 00000000 08:06 9460738                    /lib/x86_64-linux-gnu/libnss_mdns4_minimal.so.2
7f44dcea6000-7f44dd0a5000 ---p 00002000 08:06 9460738                    /lib/x86_64-linux-gnu/libnss_mdns4_minimal.so.2
7f44dd0a5000-7f44dd0a6000 r--p 00001000 08:06 9460738                    /lib/x86_64-linux-gnu/libnss_mdns4_minimal.so.2
7f44dd0a6000-7f44dd0a7000 rw-p 00002000 08:06 9460738                    /lib/x86_64-linux-gnu/libnss_mdns4_minimal.so.2
7f44dd0a7000-7f44dd0a8000 ---p 00000000 00:00 0 
7f44dd0a8000-7f44dd1a9000 rw-p 00000000 00:00 0 
7f44dd1a9000-7f44dd1aa000 ---p 00000000 00:00 0 
7f44dd1aa000-7f44dd2ab000 rw-p 00000000 00:00 0 
7f44dd2ab000-7f44dd2ac000 ---p 00000000 00:00 0 
7f44dd2ac000-7f44dd3ad000 rw-p 00000000 00:00 0 
7f44dd3ad000-7f44dd3ae000 ---p 00000000 00:00 0 
7f44dd3ae000-7f44dd4af000 rw-p 00000000 00:00 0 
7f44dd4af000-7f44dd4d9000 r-xp 00000000 08:06 6043386                    /usr/lib/jvm/java-11-openjdk-amd64/lib/libsunec.so
7f44dd4d9000-7f44dd6d8000 ---p 0002a000 08:06 6043386                    /usr/lib/jvm/java-11-openjdk-amd64/lib/libsunec.so
7f44dd6d8000-7f44dd6dc000 r--p 00029000 08:06 6043386                    /usr/lib/jvm/java-11-openjdk-amd64/lib/libsunec.so
7f44dd6dc000-7f44dd6de000 rw-p 0002d000 08:06 6043386                    /usr/lib/jvm/java-11-openjdk-amd64/lib/libsunec.so
7f44dd6de000-7f44dd8de000 rw-p 00000000 00:00 0 
7f44dd8de000-7f44dd8e2000 ---p 00000000 00:00 0 
7f44dd8e2000-7f44dd9df000 rw-p 00000000 00:00 0 
7f44dd9df000-7f44dd9e3000 ---p 00000000 00:00 0 
7f44dd9e3000-7f44ddae0000 rw-p 00000000 00:00 0 
7f44ddae0000-7f44ddae4000 ---p 00000000 00:00 0 
7f44ddae4000-7f44ddbe1000 rw-p 00000000 00:00 0 
7f44ddbe1000-7f44ddbe5000 ---p 00000000 00:00 0 
7f44ddbe5000-7f44ddee2000 rw-p 00000000 00:00 0 
7f44ddee2000-7f44ddee6000 ---p 00000000 00:00 0 
7f44ddee6000-7f44ddfe3000 rw-p 00000000 00:00 0 
7f44ddfe3000-7f44ddfe7000 ---p 00000000 00:00 0 
7f44ddfe7000-7f44de2e4000 rw-p 00000000 00:00 0 
7f44de2e4000-7f44de4e4000 rw-p 00000000 00:00 0 
7f44de4e4000-7f44de6e4000 rw-p 00000000 00:00 0 
7f44de6e4000-7f44de6e5000 ---p 00000000 00:00 0 
7f44de6e5000-7f44de9e6000 rw-p 00000000 00:00 0 
7f44de9e6000-7f44debe6000 rw-p 00000000 00:00 0 
7f44debe6000-7f44dede6000 rw-p 00000000 00:00 0 
7f44dede6000-7f44defe6000 rw-p 00000000 00:00 0 
7f44defe6000-7f44defe7000 ---p 00000000 00:00 0 
7f44defe7000-7f44df0e8000 rw-p 00000000 00:00 0 
7f44df0e8000-7f44df0e9000 ---p 00000000 00:00 0 
7f44df0e9000-7f44df3ea000 rw-p 00000000 00:00 0 
7f44df3ea000-7f44df3ee000 ---p 00000000 00:00 0 
7f44df3ee000-7f44df4eb000 rw-p 00000000 00:00 0 
7f44df4eb000-7f44df4ec000 ---p 00000000 00:00 0 
7f44df4ec000-7f44df5ed000 rw-p 00000000 00:00 0 
7f44df5ed000-7f44df5ee000 ---p 00000000 00:00 0 
7f44df5ee000-7f44df6ef000 rw-p 00000000 00:00 0 
7f44df6ef000-7f44df6f3000 ---p 00000000 00:00 0 
7f44df6f3000-7f44df7f0000 rw-p 00000000 00:00 0 
7f44df7f0000-7f44df7f4000 ---p 00000000 00:00 0 
7f44df7f4000-7f44df8f1000 rw-p 00000000 00:00 0 
7f44df8f1000-7f44df8f5000 ---p 00000000 00:00 0 
7f44df8f5000-7f44df9f2000 rw-p 00000000 00:00 0 
7f44df9f2000-7f44df9f4000 r-xp 00000000 08:06 6043361                    /usr/lib/jvm/java-11-openjdk-amd64/lib/libextnet.so
7f44df9f4000-7f44dfbf3000 ---p 00002000 08:06 6043361                    /usr/lib/jvm/java-11-openjdk-amd64/lib/libextnet.so
7f44dfbf3000-7f44dfbf4000 r--p 00001000 08:06 6043361                    /usr/lib/jvm/java-11-openjdk-amd64/lib/libextnet.so
7f44dfbf4000-7f44dfbf5000 rw-p 00002000 08:06 6043361                    /usr/lib/jvm/java-11-openjdk-amd64/lib/libextnet.so
7f44dfbf5000-7f44dfbfa000 r-xp 00000000 08:06 6043378                    /usr/lib/jvm/java-11-openjdk-amd64/lib/libmanagement_ext.so
7f44dfbfa000-7f44dfdf9000 ---p 00005000 08:06 6043378                    /usr/lib/jvm/java-11-openjdk-amd64/lib/libmanagement_ext.so
7f44dfdf9000-7f44dfdfa000 r--p 00004000 08:06 6043378                    /usr/lib/jvm/java-11-openjdk-amd64/lib/libmanagement_ext.so
7f44dfdfa000-7f44dfdfb000 rw-p 00005000 08:06 6043378                    /usr/lib/jvm/java-11-openjdk-amd64/lib/libmanagement_ext.so
7f44dfdfb000-7f44dfdff000 r-xp 00000000 08:06 6043376                    /usr/lib/jvm/java-11-openjdk-amd64/lib/libmanagement.so
7f44dfdff000-7f44dfffe000 ---p 00004000 08:06 6043376                    /usr/lib/jvm/java-11-openjdk-amd64/lib/libmanagement.so
7f44dfffe000-7f44dffff000 r--p 00003000 08:06 6043376                    /usr/lib/jvm/java-11-openjdk-amd64/lib/libmanagement.so
7f44dffff000-7f44e0000000 rw-p 00004000 08:06 6043376                    /usr/lib/jvm/java-11-openjdk-amd64/lib/libmanagement.so
7f44e0000000-7f44e0021000 rw-p 00000000 00:00 0 
7f44e0021000-7f44e4000000 ---p 00000000 00:00 0 
7f44e4000000-7f44e4026000 rw-p 00000000 00:00 0 
7f44e4026000-7f44e8000000 ---p 00000000 00:00 0 
7f44e8000000-7f44e804b000 rw-p 00000000 00:00 0 
7f44e804b000-7f44ec000000 ---p 00000000 00:00 0 
7f44ec000000-7f44ec021000 rw-p 00000000 00:00 0 
7f44ec021000-7f44f0000000 ---p 00000000 00:00 0 
7f44f0000000-7f44f0021000 rw-p 00000000 00:00 0 
7f44f0021000-7f44f4000000 ---p 00000000 00:00 0 
7f44f4000000-7f44f4021000 rw-p 00000000 00:00 0 
7f44f4021000-7f44f8000000 ---p 00000000 00:00 0 
7f44f8000000-7f44f8021000 rw-p 00000000 00:00 0 
7f44f8021000-7f44fc000000 ---p 00000000 00:00 0 
7f44fc000000-7f44fc5d6000 rw-p 00000000 00:00 0 
7f44fc5d6000-7f4500000000 ---p 00000000 00:00 0 
7f4500000000-7f4500021000 rw-p 00000000 00:00 0 
7f4500021000-7f4504000000 ---p 00000000 00:00 0 
7f4504000000-7f4504021000 rw-p 00000000 00:00 0 
7f4504021000-7f4508000000 ---p 00000000 00:00 0 
7f4508000000-7f4508021000 rw-p 00000000 00:00 0 
7f4508021000-7f450c000000 ---p 00000000 00:00 0 
7f450c000000-7f450c0e6000 rw-p 00000000 00:00 0 
7f450c0e6000-7f4510000000 ---p 00000000 00:00 0 
7f4510000000-7f4510021000 rw-p 00000000 00:00 0 
7f4510021000-7f4514000000 ---p 00000000 00:00 0 
7f4514062000-7f4514066000 ---p 00000000 00:00 0 
7f4514066000-7f4514163000 rw-p 00000000 00:00 0 
7f4514163000-7f4514179000 r-xp 00000000 08:06 6043380                    /usr/lib/jvm/java-11-openjdk-amd64/lib/libnet.so
7f4514179000-7f4514378000 ---p 00016000 08:06 6043380                    /usr/lib/jvm/java-11-openjdk-amd64/lib/libnet.so
7f4514378000-7f4514379000 r--p 00015000 08:06 6043380                    /usr/lib/jvm/java-11-openjdk-amd64/lib/libnet.so
7f4514379000-7f451437a000 rw-p 00016000 08:06 6043380                    /usr/lib/jvm/java-11-openjdk-amd64/lib/libnet.so
7f451437a000-7f451438a000 r-xp 00000000 08:06 6043381                    /usr/lib/jvm/java-11-openjdk-amd64/lib/libnio.so
7f451438a000-7f4514589000 ---p 00010000 08:06 6043381                    /usr/lib/jvm/java-11-openjdk-amd64/lib/libnio.so
7f4514589000-7f451458a000 r--p 0000f000 08:06 6043381                    /usr/lib/jvm/java-11-openjdk-amd64/lib/libnio.so
7f451458a000-7f451458b000 rw-p 00010000 08:06 6043381                    /usr/lib/jvm/java-11-openjdk-amd64/lib/libnio.so
7f451458b000-7f451458f000 ---p 00000000 00:00 0 
7f451458f000-7f451468c000 rw-p 00000000 00:00 0 
7f451468c000-7f4514690000 ---p 00000000 00:00 0 
7f4514690000-7f451478d000 rw-p 00000000 00:00 0 
7f451478d000-7f4514791000 ---p 00000000 00:00 0 
7f4514791000-7f451488e000 rw-p 00000000 00:00 0 
7f451488e000-7f4514892000 r-xp 00000000 08:06 6043360                    /usr/lib/jvm/java-11-openjdk-amd64/lib/libdt_socket.so
7f4514892000-7f4514a92000 ---p 00004000 08:06 6043360                    /usr/lib/jvm/java-11-openjdk-amd64/lib/libdt_socket.so
7f4514a92000-7f4514a93000 r--p 00004000 08:06 6043360                    /usr/lib/jvm/java-11-openjdk-amd64/lib/libdt_socket.so
7f4514a93000-7f4514a94000 rw-p 00005000 08:06 6043360                    /usr/lib/jvm/java-11-openjdk-amd64/lib/libdt_socket.so
7f4514a94000-7f4514a98000 ---p 00000000 00:00 0 
7f4514a98000-7f4514b95000 rw-p 00000000 00:00 0 
7f4514b95000-7f4514b99000 ---p 00000000 00:00 0 
7f4514b99000-7f4514c96000 rw-p 00000000 00:00 0 
7f4514c96000-7f4514c9a000 ---p 00000000 00:00 0 
7f4514c9a000-7f4514d97000 rw-p 00000000 00:00 0 
7f4514d97000-7f4514d9b000 ---p 00000000 00:00 0 
7f4514d9b000-7f4514e98000 rw-p 00000000 00:00 0 
7f4514e98000-7f45152f8000 r--p 00000000 08:06 6047801                    /usr/lib/locale/locale-archive
7f45152f8000-7f45152fc000 ---p 00000000 00:00 0 
7f45152fc000-7f45153f9000 rw-p 00000000 00:00 0 
7f45153f9000-7f45153fd000 ---p 00000000 00:00 0 
7f45153fd000-7f45154fa000 rw-p 00000000 00:00 0 
7f45154fa000-7f45154fb000 ---p 00000000 00:00 0 
7f45154fb000-7f4515dfc000 rw-p 00000000 00:00 0 
7f4515dfc000-7f4515dfd000 ---p 00000000 00:00 0 
7f4515dfd000-7f4515efe000 rw-p 00000000 00:00 0 
7f4515efe000-7f4515eff000 ---p 00000000 00:00 0 
7f4515eff000-7f4518000000 rw-p 00000000 00:00 0 
7f4518000000-7f4518021000 rw-p 00000000 00:00 0 
7f4518021000-7f451c000000 ---p 00000000 00:00 0 
7f451c000000-7f451c021000 rw-p 00000000 00:00 0 
7f451c021000-7f4520000000 ---p 00000000 00:00 0 
7f4520000000-7f4520021000 rw-p 00000000 00:00 0 
7f4520021000-7f4524000000 ---p 00000000 00:00 0 
7f4524017000-7f452481f000 rw-p 00000000 00:00 0 
7f452481f000-7f4524820000 ---p 00000000 00:00 0 
7f4524820000-7f4524921000 rw-p 00000000 00:00 0 
7f4524921000-7f4524922000 ---p 00000000 00:00 0 
7f4524922000-7f4524c3f000 rw-p 00000000 00:00 0 
7f4524c3f000-7f452590b000 ---p 00000000 00:00 0 
7f452590b000-7f4525b2f000 rw-p 00000000 00:00 0 
7f4525b2f000-7f45267fb000 ---p 00000000 00:00 0 
7f45267fb000-7f4526847000 rw-p 00000000 00:00 0 
7f4526847000-7f45269e0000 ---p 00000000 00:00 0 
7f45269e0000-7f4526a25000 rw-p 00000000 00:00 0 
7f4526a25000-7f4526bbe000 ---p 00000000 00:00 0 
7f4526bbe000-7f4526c03000 rw-p 00000000 00:00 0 
7f4526c03000-7f4526d9c000 ---p 00000000 00:00 0 
7f4526d9c000-7f45275a5000 rw-p 00000000 00:00 0 
7f45275a5000-7f45275a6000 ---p 00000000 00:00 0 
7f45275a6000-7f45276be000 rw-p 00000000 00:00 0 
7f45276be000-7f4527879000 ---p 00000000 00:00 0 
7f4527879000-7f4527ae9000 rwxp 00000000 00:00 0 
7f4527ae9000-7f4527fad000 ---p 00000000 00:00 0 
7f4527fad000-7f4528afd000 rwxp 00000000 00:00 0 
7f4528afd000-7f4536879000 ---p 00000000 00:00 0 
7f453ef69000-7f453ef6e000 r-xp 00000000 08:06 6043372                    /usr/lib/jvm/java-11-openjdk-amd64/lib/libjimage.so
7f453ef6e000-7f453f16d000 ---p 00005000 08:06 6043372                    /usr/lib/jvm/java-11-openjdk-amd64/lib/libjimage.so
7f453f16d000-7f453f16e000 r--p 00004000 08:06 6043372                    /usr/lib/jvm/java-11-openjdk-amd64/lib/libjimage.so
7f453f16e000-7f453f16f000 rw-p 00005000 08:06 6043372                    /usr/lib/jvm/java-11-openjdk-amd64/lib/libjimage.so
7f453f16f000-7f453f176000 r-xp 00000000 08:06 6043389                    /usr/lib/jvm/java-11-openjdk-amd64/lib/libzip.so
7f453f176000-7f453f375000 ---p 00007000 08:06 6043389                    /usr/lib/jvm/java-11-openjdk-amd64/lib/libzip.so
7f453f375000-7f453f376000 r--p 00006000 08:06 6043389                    /usr/lib/jvm/java-11-openjdk-amd64/lib/libzip.so
7f453f376000-7f453f377000 rw-p 00007000 08:06 6043389                    /usr/lib/jvm/java-11-openjdk-amd64/lib/libzip.so
7f453f377000-7f453f382000 r-xp 00000000 08:06 9460732                    /lib/x86_64-linux-gnu/libnss_files-2.27.so
7f453f382000-7f453f581000 ---p 0000b000 08:06 9460732                    /lib/x86_64-linux-gnu/libnss_files-2.27.so
7f453f581000-7f453f582000 r--p 0000a000 08:06 9460732                    /lib/x86_64-linux-gnu/libnss_files-2.27.so
7f453f582000-7f453f583000 rw-p 0000b000 08:06 9460732                    /lib/x86_64-linux-gnu/libnss_files-2.27.so
7f453f583000-7f453f589000 rw-p 00000000 00:00 0 
7f453f589000-7f453f5a0000 r-xp 00000000 08:06 9460726                    /lib/x86_64-linux-gnu/libnsl-2.27.so
7f453f5a0000-7f453f79f000 ---p 00017000 08:06 9460726                    /lib/x86_64-linux-gnu/libnsl-2.27.so
7f453f79f000-7f453f7a0000 r--p 00016000 08:06 9460726                    /lib/x86_64-linux-gnu/libnsl-2.27.so
7f453f7a0000-7f453f7a1000 rw-p 00017000 08:06 9460726                    /lib/x86_64-linux-gnu/libnsl-2.27.so
7f453f7a1000-7f453f7a3000 rw-p 00000000 00:00 0 
7f453f7a3000-7f453f7ae000 r-xp 00000000 08:06 9460743                    /lib/x86_64-linux-gnu/libnss_nis-2.27.so
7f453f7ae000-7f453f9ad000 ---p 0000b000 08:06 9460743                    /lib/x86_64-linux-gnu/libnss_nis-2.27.so
7f453f9ad000-7f453f9ae000 r--p 0000a000 08:06 9460743                    /lib/x86_64-linux-gnu/libnss_nis-2.27.so
7f453f9ae000-7f453f9af000 rw-p 0000b000 08:06 9460743                    /lib/x86_64-linux-gnu/libnss_nis-2.27.so
7f453f9af000-7f453f9b7000 r-xp 00000000 08:06 9460728                    /lib/x86_64-linux-gnu/libnss_compat-2.27.so
7f453f9b7000-7f453fbb7000 ---p 00008000 08:06 9460728                    /lib/x86_64-linux-gnu/libnss_compat-2.27.so
7f453fbb7000-7f453fbb8000 r--p 00008000 08:06 9460728                    /lib/x86_64-linux-gnu/libnss_compat-2.27.so
7f453fbb8000-7f453fbb9000 rw-p 00009000 08:06 9460728                    /lib/x86_64-linux-gnu/libnss_compat-2.27.so
7f453fbb9000-7f453fbc3000 r-xp 00000000 08:06 6043363                    /usr/lib/jvm/java-11-openjdk-amd64/lib/libinstrument.so
7f453fbc3000-7f453fdc2000 ---p 0000a000 08:06 6043363                    /usr/lib/jvm/java-11-openjdk-amd64/lib/libinstrument.so
7f453fdc2000-7f453fdc3000 r--p 00009000 08:06 6043363                    /usr/lib/jvm/java-11-openjdk-amd64/lib/libinstrument.so
7f453fdc3000-7f453fdc4000 rw-p 0000a000 08:06 6043363                    /usr/lib/jvm/java-11-openjdk-amd64/lib/libinstrument.so
7f453fdc4000-7f453fdff000 r-xp 00000000 08:06 6043371                    /usr/lib/jvm/java-11-openjdk-amd64/lib/libjdwp.so
7f453fdff000-7f453fffe000 ---p 0003b000 08:06 6043371                    /usr/lib/jvm/java-11-openjdk-amd64/lib/libjdwp.so
7f453fffe000-7f453ffff000 r--p 0003a000 08:06 6043371                    /usr/lib/jvm/java-11-openjdk-amd64/lib/libjdwp.so
7f453ffff000-7f4540000000 rw-p 0003b000 08:06 6043371                    /usr/lib/jvm/java-11-openjdk-amd64/lib/libjdwp.so
7f4540000000-7f45414bc000 rw-p 00000000 00:00 0 
7f45414bc000-7f4544000000 ---p 00000000 00:00 0 
7f4544027000-7f45440a8000 rw-p 00000000 00:00 0 
7f45440a8000-7f45440d1000 r-xp 00000000 08:06 6043368                    /usr/lib/jvm/java-11-openjdk-amd64/lib/libjava.so
7f45440d1000-7f45442d0000 ---p 00029000 08:06 6043368                    /usr/lib/jvm/java-11-openjdk-amd64/lib/libjava.so
7f45442d0000-7f45442d1000 r--p 00028000 08:06 6043368                    /usr/lib/jvm/java-11-openjdk-amd64/lib/libjava.so
7f45442d1000-7f45442d3000 rw-p 00029000 08:06 6043368                    /usr/lib/jvm/java-11-openjdk-amd64/lib/libjava.so
7f45442d3000-7f45442e0000 r-xp 00000000 08:06 6043388                    /usr/lib/jvm/java-11-openjdk-amd64/lib/libverify.so
7f45442e0000-7f45444df000 ---p 0000d000 08:06 6043388                    /usr/lib/jvm/java-11-openjdk-amd64/lib/libverify.so
7f45444df000-7f45444e1000 r--p 0000c000 08:06 6043388                    /usr/lib/jvm/java-11-openjdk-amd64/lib/libverify.so
7f45444e1000-7f45444e2000 rw-p 0000e000 08:06 6043388                    /usr/lib/jvm/java-11-openjdk-amd64/lib/libverify.so
7f45444e2000-7f45444e9000 r-xp 00000000 08:06 9460783                    /lib/x86_64-linux-gnu/librt-2.27.so
7f45444e9000-7f45446e8000 ---p 00007000 08:06 9460783                    /lib/x86_64-linux-gnu/librt-2.27.so
7f45446e8000-7f45446e9000 r--p 00006000 08:06 9460783                    /lib/x86_64-linux-gnu/librt-2.27.so
7f45446e9000-7f45446ea000 rw-p 00007000 08:06 9460783                    /lib/x86_64-linux-gnu/librt-2.27.so
7f45446ea000-7f4544701000 r-xp 00000000 08:06 9455997                    /lib/x86_64-linux-gnu/libgcc_s.so.1
7f4544701000-7f4544900000 ---p 00017000 08:06 9455997                    /lib/x86_64-linux-gnu/libgcc_s.so.1
7f4544900000-7f4544901000 r--p 00016000 08:06 9455997                    /lib/x86_64-linux-gnu/libgcc_s.so.1
7f4544901000-7f4544902000 rw-p 00017000 08:06 9455997                    /lib/x86_64-linux-gnu/libgcc_s.so.1
7f4544902000-7f4544a9f000 r-xp 00000000 08:06 9460705                    /lib/x86_64-linux-gnu/libm-2.27.so
7f4544a9f000-7f4544c9e000 ---p 0019d000 08:06 9460705                    /lib/x86_64-linux-gnu/libm-2.27.so
7f4544c9e000-7f4544c9f000 r--p 0019c000 08:06 9460705                    /lib/x86_64-linux-gnu/libm-2.27.so
7f4544c9f000-7f4544ca0000 rw-p 0019d000 08:06 9460705                    /lib/x86_64-linux-gnu/libm-2.27.so
7f4544ca0000-7f4544e19000 r-xp 00000000 08:06 6043772                    /usr/lib/x86_64-linux-gnu/libstdc++.so.6.0.25
7f4544e19000-7f4545019000 ---p 00179000 08:06 6043772                    /usr/lib/x86_64-linux-gnu/libstdc++.so.6.0.25
7f4545019000-7f4545023000 r--p 00179000 08:06 6043772                    /usr/lib/x86_64-linux-gnu/libstdc++.so.6.0.25
7f4545023000-7f4545025000 rw-p 00183000 08:06 6043772                    /usr/lib/x86_64-linux-gnu/libstdc++.so.6.0.25
7f4545025000-7f4545029000 rw-p 00000000 00:00 0 
7f4545029000-7f4546102000 r-xp 00000000 08:06 6043393                    /usr/lib/jvm/java-11-openjdk-amd64/lib/server/libjvm.so
7f4546102000-7f4546301000 ---p 010d9000 08:06 6043393                    /usr/lib/jvm/java-11-openjdk-amd64/lib/server/libjvm.so
7f4546301000-7f45463be000 r--p 010d8000 08:06 6043393                    /usr/lib/jvm/java-11-openjdk-amd64/lib/server/libjvm.so
7f45463be000-7f45463f8000 rw-p 01195000 08:06 6043393                    /usr/lib/jvm/java-11-openjdk-amd64/lib/server/libjvm.so
7f45463f8000-7f454644e000 rw-p 00000000 00:00 0 
7f454644e000-7f4546468000 r-xp 00000000 08:06 9460775                    /lib/x86_64-linux-gnu/libpthread-2.27.so
7f4546468000-7f4546667000 ---p 0001a000 08:06 9460775                    /lib/x86_64-linux-gnu/libpthread-2.27.so
7f4546667000-7f4546668000 r--p 00019000 08:06 9460775                    /lib/x86_64-linux-gnu/libpthread-2.27.so
7f4546668000-7f4546669000 rw-p 0001a000 08:06 9460775                    /lib/x86_64-linux-gnu/libpthread-2.27.so
7f4546669000-7f454666d000 rw-p 00000000 00:00 0 
7f454666d000-7f4546670000 r-xp 00000000 08:06 9460665                    /lib/x86_64-linux-gnu/libdl-2.27.so
7f4546670000-7f454686f000 ---p 00003000 08:06 9460665                    /lib/x86_64-linux-gnu/libdl-2.27.so
7f454686f000-7f4546870000 r--p 00002000 08:06 9460665                    /lib/x86_64-linux-gnu/libdl-2.27.so
7f4546870000-7f4546871000 rw-p 00003000 08:06 9460665                    /lib/x86_64-linux-gnu/libdl-2.27.so
7f4546871000-7f454688d000 r-xp 00000000 08:06 9460816                    /lib/x86_64-linux-gnu/libz.so.1.2.11
7f454688d000-7f4546a8c000 ---p 0001c000 08:06 9460816                    /lib/x86_64-linux-gnu/libz.so.1.2.11
7f4546a8c000-7f4546a8d000 r--p 0001b000 08:06 9460816                    /lib/x86_64-linux-gnu/libz.so.1.2.11
7f4546a8d000-7f4546a8e000 rw-p 0001c000 08:06 9460816                    /lib/x86_64-linux-gnu/libz.so.1.2.11
7f4546a8e000-7f4546c75000 r-xp 00000000 08:06 9460642                    /lib/x86_64-linux-gnu/libc-2.27.so
7f4546c75000-7f4546e75000 ---p 001e7000 08:06 9460642                    /lib/x86_64-linux-gnu/libc-2.27.so
7f4546e75000-7f4546e79000 r--p 001e7000 08:06 9460642                    /lib/x86_64-linux-gnu/libc-2.27.so
7f4546e79000-7f4546e7b000 rw-p 001eb000 08:06 9460642                    /lib/x86_64-linux-gnu/libc-2.27.so
7f4546e7b000-7f4546e7f000 rw-p 00000000 00:00 0 
7f4546e7f000-7f4546e8f000 r-xp 00000000 08:06 6043352                    /usr/lib/jvm/java-11-openjdk-amd64/lib/jli/libjli.so
7f4546e8f000-7f454708e000 ---p 00010000 08:06 6043352                    /usr/lib/jvm/java-11-openjdk-amd64/lib/jli/libjli.so
7f454708e000-7f454708f000 r--p 0000f000 08:06 6043352                    /usr/lib/jvm/java-11-openjdk-amd64/lib/jli/libjli.so
7f454708f000-7f4547090000 rw-p 00010000 08:06 6043352                    /usr/lib/jvm/java-11-openjdk-amd64/lib/jli/libjli.so
7f4547090000-7f45470b7000 r-xp 00000000 08:06 9460614                    /lib/x86_64-linux-gnu/ld-2.27.so
7f45470f2000-7f45470f9000 r--s 00000000 08:06 6437544                    /usr/lib/x86_64-linux-gnu/gconv/gconv-modules.cache
7f45470f9000-7f4547192000 rw-p 00000000 00:00 0 
7f4547192000-7f4547196000 ---p 00000000 00:00 0 
7f4547196000-7f4547295000 rw-p 00000000 00:00 0 
7f454729a000-7f454729f000 rw-p 00000000 00:00 0 
7f454729f000-7f45472a9000 ---p 00000000 00:00 0 
7f45472a9000-7f45472ab000 r--s 00007000 08:06 6705709                    /usr/share/java/java-atk-wrapper.jar
7f45472ab000-7f45472b3000 rw-s 00000000 00:2e 35                         /tmp/hsperfdata_root/23163
7f45472b3000-7f45472b4000 ---p 00000000 00:00 0 
7f45472b4000-7f45472b5000 r--p 00000000 00:00 0 
7f45472b5000-7f45472b7000 rw-p 00000000 00:00 0 
7f45472b7000-7f45472b8000 r--p 00027000 08:06 9460614                    /lib/x86_64-linux-gnu/ld-2.27.so
7f45472b8000-7f45472b9000 rw-p 00028000 08:06 9460614                    /lib/x86_64-linux-gnu/ld-2.27.so
7f45472b9000-7f45472ba000 rw-p 00000000 00:00 0 
7ffdbb85e000-7ffdbb881000 rw-p 00000000 00:00 0                          [stack]
7ffdbb941000-7ffdbb944000 r--p 00000000 00:00 0                          [vvar]
7ffdbb944000-7ffdbb945000 r-xp 00000000 00:00 0                          [vdso]
ffffffffff600000-ffffffffff601000 r-xp 00000000 00:00 0                  [vsyscall]


VM Arguments:
jvm_args: -agentlib:jdwp=transport=dt_socket,suspend=y,address=localhost:41511 -Dcom.sun.management.jmxremote -Dcom.sun.management.jmxremote.port=37445 -Dcom.sun.management.jmxremote.authenticate=false -Dcom.sun.management.jmxremote.ssl=false -Djava.rmi.server.hostname=localhost -Dspring.jmx.enabled=true -Dspring.liveBeansView.mbeanDomain -Dspring.application.admin.enabled=true -Djava.security.egd=file:/dev/./urandom -Xverify:none -XX:TieredStopAtLevel=1 -Dspring.boot.project.name=MrVan -javaagent:/home/tanky/Desktop/eclipse/jee-2019-123/eclipse/configuration/org.eclipse.osgi/1402/0/.cp/lib/javaagent-shaded.jar -Dfile.encoding=UTF-8 
java_command: com.tanky.MrVan.MrVanApplication
java_class_path (initial): /home/tanky/Documents/Springboot Project/MrVans/target/classes:/root/.m2/repository/org/springframework/boot/spring-boot-starter-data-mongodb/2.3.1.RELEASE/spring-boot-starter-data-mongodb-2.3.1.RELEASE.jar:/root/.m2/repository/org/springframework/boot/spring-boot-starter/2.3.1.RELEASE/spring-boot-starter-2.3.1.RELEASE.jar:/root/.m2/repository/org/springframework/boot/spring-boot/2.3.1.RELEASE/spring-boot-2.3.1.RELEASE.jar:/root/.m2/repository/org/springframework/boot/spring-boot-autoconfigure/2.3.1.RELEASE/spring-boot-autoconfigure-2.3.1.RELEASE.jar:/root/.m2/repository/org/springframework/boot/spring-boot-starter-logging/2.3.1.RELEASE/spring-boot-starter-logging-2.3.1.RELEASE.jar:/root/.m2/repository/ch/qos/logback/logback-classic/1.2.3/logback-classic-1.2.3.jar:/root/.m2/repository/ch/qos/logback/logback-core/1.2.3/logback-core-1.2.3.jar:/root/.m2/repository/org/apache/logging/log4j/log4j-to-slf4j/2.13.3/log4j-to-slf4j-2.13.3.jar:/root/.m2/repository/org/apache/logging/log4j/log4j-api/2.13.3/log4j-api-2.13.3.jar:/root/.m2/repository/org/slf4j/jul-to-slf4j/1.7.30/jul-to-slf4j-1.7.30.jar:/root/.m2/repository/jakarta/annotation/jakarta.annotation-api/1.3.5/jakarta.annotation-api-1.3.5.jar:/root/.m2/repository/org/yaml/snakeyaml/1.26/snakeyaml-1.26.jar:/root/.m2/repository/org/mongodb/mongodb-driver-sync/4.0.4/mongodb-driver-sync-4.0.4.jar:/root/.m2/repository/org/mongodb/bson/4.0.4/bson-4.0.4.jar:/root/.m2/repository/org/mongodb/mongodb-driver-core/4.0.4/mongodb-driver-core-4.0.4.jar:/root/.m2/repository/org/springframework/data/spring-data-mongodb/3.0.1.RELEASE/spring-data-mongodb-3.0.1.RELEASE.jar:/root/.m2/repository/org/springframework/spring-tx/5.2.7.RELEASE/spring-tx-5.2.7.RELEASE.jar:/root/.m2/repository/org/springframework/spring-context/5.2.7.RELEASE/spring-context-5.2.7.RELEASE.jar:/root/.m2/repository/org/springframework/spring-beans/5.2.7.RELEASE/spring-beans-5.2.7.RELEASE.jar:/root/.m2/repository/org/springframework/spring-e
Launcher Type: SUN_STANDARD

[Global flags]
